#
# There is insufficient memory for the Java Runtime Environment to continue.
# Native memory allocation (malloc) failed to allocate 32744 bytes for Chunk::new
# Possible reasons:
#   The system is out of physical RAM or swap space
#   The process is running with CompressedOops enabled, and the Java Heap may be blocking the growth of the native heap
# Possible solutions:
#   Reduce memory load on the system
#   Increase physical memory or swap space
#   Check if swap backing store is full
#   Decrease Java heap size (-Xmx/-Xms)
#   Decrease number of Java threads
#   Decrease Java thread stack sizes (-Xss)
#   Set larger code cache with -XX:ReservedCodeCacheSize=
#   JVM is running with Unscaled Compressed Oops mode in which the Java heap is
#     placed in the first 4GB address space. The Java Heap base address is the
#     maximum limit for the native heap growth. Please use -XX:HeapBaseMinAddress
#     to set the Java Heap base and to place the Java Heap above 4GB virtual address.
# This output file may be truncated or incomplete.
#
#  Out of Memory Error (arena.cpp:168), pid=15932, tid=15516
#
# JRE version: Java(TM) SE Runtime Environment (21.0.4+8) (build 21.0.4+8-LTS-274)
# Java VM: Java HotSpot(TM) 64-Bit Server VM (21.0.4+8-LTS-274, mixed mode, sharing, tiered, compressed oops, compressed class ptrs, g1 gc, windows-amd64)
# No core dump will be written. Minidumps are not enabled by default on client versions of Windows
#

---------------  S U M M A R Y ------------

Command Line: -XX:+ShowCodeDetailsInExceptionMessages com.petshop.PetshopApplication

Host: Intel(R) Celeron(R) N4020 CPU @ 1.10GHz, 2 cores, 3G,  Windows 11 , 64 bit Build 22621 (10.0.22621.5262)
Time: Sat Jul  5 20:50:20 2025 Hora oficial do Brasil elapsed time: 652.449007 seconds (0d 0h 10m 52s)

---------------  T H R E A D  ---------------

Current thread (0x0000029035646f30):  JavaThread "C2 CompilerThread0" daemon [_thread_in_native, id=15516, stack(0x000000adec400000,0x000000adec500000) (1024K)]


Current CompileTask:
C2: 652449 6539   !   4       jdk.internal.loader.Resource::getBytes (244 bytes)

Stack: [0x000000adec400000,0x000000adec500000]
Native frames: (J=compiled Java code, j=interpreted, Vv=VM code, C=native code)
V  [jvm.dll+0x6c8e59]
V  [jvm.dll+0x853181]
V  [jvm.dll+0x8556ae]
V  [jvm.dll+0x855d83]
V  [jvm.dll+0x27d526]
V  [jvm.dll+0xc4aad]
V  [jvm.dll+0xc4fe3]
V  [jvm.dll+0x65385b]
V  [jvm.dll+0x6539ff]
V  [jvm.dll+0x659419]
V  [jvm.dll+0x65a416]
V  [jvm.dll+0x65876d]
V  [jvm.dll+0x246105]
V  [jvm.dll+0x24585f]
V  [jvm.dll+0x1c69de]
V  [jvm.dll+0x254d49]
V  [jvm.dll+0x2532da]
V  [jvm.dll+0x3ed426]
V  [jvm.dll+0x7fd65b]
V  [jvm.dll+0x6c753d]
C  [ucrtbase.dll+0x29333]
C  [KERNEL32.DLL+0x1259d]
C  [ntdll.dll+0x5af58]


---------------  P R O C E S S  ---------------

Threads class SMR info:
_java_thread_list=0x0000029035adc360, length=27, elements={
0x000002903563d390, 0x000002903563eed0, 0x000002903563f930, 0x0000029035640b30,
0x0000029035642eb0, 0x00000290356440b0, 0x0000029035646f30, 0x000002903566c2a0,
0x00000290358b65f0, 0x00000290358ba5d0, 0x000002907d7bf040, 0x000002907d7bf6b0,
0x000002907bd16d10, 0x000002907c7d8470, 0x000002907b0cc570, 0x000002907b2e3050,
0x000002907c167290, 0x000002907e355000, 0x000002907e355690, 0x000002907e355d20,
0x000002907e3563b0, 0x000002907e356a40, 0x000002907e3570d0, 0x000002907e357760,
0x000002907e3542e0, 0x000002907e354970, 0x000002907c247b80
}

Java Threads: ( => current thread )
  0x000002903563d390 JavaThread "Reference Handler"          daemon [_thread_blocked, id=244, stack(0x000000adebe00000,0x000000adebf00000) (1024K)]
  0x000002903563eed0 JavaThread "Finalizer"                  daemon [_thread_blocked, id=3216, stack(0x000000adebf00000,0x000000adec000000) (1024K)]
  0x000002903563f930 JavaThread "Signal Dispatcher"          daemon [_thread_blocked, id=7552, stack(0x000000adec000000,0x000000adec100000) (1024K)]
  0x0000029035640b30 JavaThread "Attach Listener"            daemon [_thread_blocked, id=4648, stack(0x000000adec100000,0x000000adec200000) (1024K)]
  0x0000029035642eb0 JavaThread "Service Thread"             daemon [_thread_blocked, id=10744, stack(0x000000adec200000,0x000000adec300000) (1024K)]
  0x00000290356440b0 JavaThread "Monitor Deflation Thread"   daemon [_thread_blocked, id=13288, stack(0x000000adec300000,0x000000adec400000) (1024K)]
=>0x0000029035646f30 JavaThread "C2 CompilerThread0"         daemon [_thread_in_native, id=15516, stack(0x000000adec400000,0x000000adec500000) (1024K)]
  0x000002903566c2a0 JavaThread "C1 CompilerThread0"         daemon [_thread_blocked, id=14080, stack(0x000000adec500000,0x000000adec600000) (1024K)]
  0x00000290358b65f0 JavaThread "Notification Thread"        daemon [_thread_blocked, id=10244, stack(0x000000adec600000,0x000000adec700000) (1024K)]
  0x00000290358ba5d0 JavaThread "Common-Cleaner"             daemon [_thread_blocked, id=14112, stack(0x000000adec700000,0x000000adec800000) (1024K)]
  0x000002907d7bf040 JavaThread "Catalina-utility-1"                [_thread_blocked, id=13768, stack(0x000000adec900000,0x000000adeca00000) (1024K)]
  0x000002907d7bf6b0 JavaThread "Catalina-utility-2"                [_thread_blocked, id=13196, stack(0x000000adeca00000,0x000000adecb00000) (1024K)]
  0x000002907bd16d10 JavaThread "container-0"                       [_thread_blocked, id=10312, stack(0x000000adecb00000,0x000000adecc00000) (1024K)]
  0x000002907c7d8470 JavaThread "HikariPool-1 housekeeper"   daemon [_thread_blocked, id=8340, stack(0x000000adecc00000,0x000000adecd00000) (1024K)]
  0x000002907b0cc570 JavaThread "http-nio-8080-exec-1"       daemon [_thread_blocked, id=1956, stack(0x000000adecd00000,0x000000adece00000) (1024K)]
  0x000002907b2e3050 JavaThread "http-nio-8080-exec-2"       daemon [_thread_blocked, id=1388, stack(0x000000adece00000,0x000000adecf00000) (1024K)]
  0x000002907c167290 JavaThread "http-nio-8080-exec-3"       daemon [_thread_blocked, id=13604, stack(0x000000adecf00000,0x000000aded000000) (1024K)]
  0x000002907e355000 JavaThread "http-nio-8080-exec-4"       daemon [_thread_blocked, id=5880, stack(0x000000aded000000,0x000000aded100000) (1024K)]
  0x000002907e355690 JavaThread "http-nio-8080-exec-5"       daemon [_thread_blocked, id=16220, stack(0x000000aded100000,0x000000aded200000) (1024K)]
  0x000002907e355d20 JavaThread "http-nio-8080-exec-6"       daemon [_thread_blocked, id=10696, stack(0x000000aded200000,0x000000aded300000) (1024K)]
  0x000002907e3563b0 JavaThread "http-nio-8080-exec-7"       daemon [_thread_blocked, id=15816, stack(0x000000aded300000,0x000000aded400000) (1024K)]
  0x000002907e356a40 JavaThread "http-nio-8080-exec-8"       daemon [_thread_blocked, id=9340, stack(0x000000aded400000,0x000000aded500000) (1024K)]
  0x000002907e3570d0 JavaThread "http-nio-8080-exec-9"       daemon [_thread_in_native, id=14056, stack(0x000000aded500000,0x000000aded600000) (1024K)]
  0x000002907e357760 JavaThread "http-nio-8080-exec-10"      daemon [_thread_blocked, id=3308, stack(0x000000aded600000,0x000000aded700000) (1024K)]
  0x000002907e3542e0 JavaThread "http-nio-8080-Poller"       daemon [_thread_in_native, id=11140, stack(0x000000aded700000,0x000000aded800000) (1024K)]
  0x000002907e354970 JavaThread "http-nio-8080-Acceptor"     daemon [_thread_in_native, id=12776, stack(0x000000aded800000,0x000000aded900000) (1024K)]
  0x000002907c247b80 JavaThread "DestroyJavaVM"                     [_thread_blocked, id=10996, stack(0x000000adeb600000,0x000000adeb700000) (1024K)]
Total: 27

Other Threads:
  0x0000029035620d50 VMThread "VM Thread"                           [id=3680, stack(0x000000adebd00000,0x000000adebe00000) (1024K)]
  0x000002901aeeba20 WatcherThread "VM Periodic Task Thread"        [id=10468, stack(0x000000adebc00000,0x000000adebd00000) (1024K)]
  0x000002901ae7e2f0 WorkerThread "GC Thread#0"                     [id=16796, stack(0x000000adeb700000,0x000000adeb800000) (1024K)]
  0x000002907b107270 WorkerThread "GC Thread#1"                     [id=12952, stack(0x000000adec800000,0x000000adec900000) (1024K)]
  0x000002901ae86c50 ConcurrentGCThread "G1 Main Marker"            [id=15140, stack(0x000000adeb800000,0x000000adeb900000) (1024K)]
  0x000002901ae878d0 WorkerThread "G1 Conc#0"                       [id=16788, stack(0x000000adeb900000,0x000000adeba00000) (1024K)]
  0x000002901aed7bf0 ConcurrentGCThread "G1 Refine#0"               [id=6996, stack(0x000000adeba00000,0x000000adebb00000) (1024K)]
  0x000002901aedb360 ConcurrentGCThread "G1 Service"                [id=592, stack(0x000000adebb00000,0x000000adebc00000) (1024K)]
Total: 8

Threads with active compile tasks:
C2 CompilerThread0   652535 6539   !   4       jdk.internal.loader.Resource::getBytes (244 bytes)
Total: 1

VM state: not at safepoint (normal execution)

VM Mutex/Monitor currently owned by a thread: None

Heap address: 0x00000000c2c00000, size: 980 MB, Compressed Oops mode: 32-bit

CDS archive(s) mapped at: [0x0000029036000000-0x0000029036c90000-0x0000029036c90000), size 13172736, SharedBaseAddress: 0x0000029036000000, ArchiveRelocationMode: 1.
Compressed class space mapped at: 0x0000029037000000-0x0000029077000000, reserved size: 1073741824
Narrow klass base: 0x0000029036000000, Narrow klass shift: 0, Narrow klass range: 0x100000000

GC Precious Log:
 CardTable entry size: 512
 Card Set container configuration: InlinePtr #cards 5 size 8 Array Of Cards #cards 12 size 40 Howl #buckets 4 coarsen threshold 1843 Howl Bitmap #cards 512 size 80 coarsen threshold 460 Card regions per heap region 1 cards per card region 2048
 CPUs: 2 total, 2 available
 Memory: 3918M
 Large Page Support: Disabled
 NUMA Support: Disabled
 Compressed Oops: Enabled (32-bit)
 Heap Region Size: 1M
 Heap Min Capacity: 8M
 Heap Initial Capacity: 62M
 Heap Max Capacity: 980M
 Pre-touch: Disabled
 Parallel Workers: 2
 Concurrent Workers: 1
 Concurrent Refinement Workers: 2
 Periodic GC: Disabled

Heap:
 garbage-first heap   total 53248K, used 33960K [0x00000000c2c00000, 0x0000000100000000)
  region size 1024K, 5 young (5120K), 2 survivors (2048K)
 Metaspace       used 73672K, committed 74496K, reserved 1114112K
  class space    used 9912K, committed 10304K, reserved 1048576K

Heap Regions: E=young(eden), S=young(survivor), O=old, HS=humongous(starts), HC=humongous(continues), CS=collection set, F=free, TAMS=top-at-mark-start, PB=parsable bottom
|   0|0x00000000c2c00000, 0x00000000c2d00000, 0x00000000c2d00000|100%|HS|  |TAMS 0x00000000c2c00000| PB 0x00000000c2c00000| Complete 
|   1|0x00000000c2d00000, 0x00000000c2e00000, 0x00000000c2e00000|100%|HS|  |TAMS 0x00000000c2d00000| PB 0x00000000c2d00000| Complete 
|   2|0x00000000c2e00000, 0x00000000c2f00000, 0x00000000c2f00000|100%| O|  |TAMS 0x00000000c2e00000| PB 0x00000000c2e00000| Untracked 
|   3|0x00000000c2f00000, 0x00000000c3000000, 0x00000000c3000000|100%| O|  |TAMS 0x00000000c2f00000| PB 0x00000000c2f00000| Untracked 
|   4|0x00000000c3000000, 0x00000000c3100000, 0x00000000c3100000|100%| O|  |TAMS 0x00000000c3000000| PB 0x00000000c3000000| Untracked 
|   5|0x00000000c3100000, 0x00000000c3200000, 0x00000000c3200000|100%| O|  |TAMS 0x00000000c3100000| PB 0x00000000c3100000| Untracked 
|   6|0x00000000c3200000, 0x00000000c3300000, 0x00000000c3300000|100%| O|  |TAMS 0x00000000c3200000| PB 0x00000000c3200000| Untracked 
|   7|0x00000000c3300000, 0x00000000c3400000, 0x00000000c3400000|100%| O|  |TAMS 0x00000000c3300000| PB 0x00000000c3300000| Untracked 
|   8|0x00000000c3400000, 0x00000000c3500000, 0x00000000c3500000|100%| O|  |TAMS 0x00000000c3400000| PB 0x00000000c3400000| Untracked 
|   9|0x00000000c3500000, 0x00000000c3600000, 0x00000000c3600000|100%| O|  |TAMS 0x00000000c3500000| PB 0x00000000c3500000| Untracked 
|  10|0x00000000c3600000, 0x00000000c3700000, 0x00000000c3700000|100%| O|  |TAMS 0x00000000c3600000| PB 0x00000000c3600000| Untracked 
|  11|0x00000000c3700000, 0x00000000c3800000, 0x00000000c3800000|100%| O|  |TAMS 0x00000000c3700000| PB 0x00000000c3700000| Untracked 
|  12|0x00000000c3800000, 0x00000000c3900000, 0x00000000c3900000|100%| O|  |TAMS 0x00000000c3800000| PB 0x00000000c3800000| Untracked 
|  13|0x00000000c3900000, 0x00000000c3a00000, 0x00000000c3a00000|100%| O|  |TAMS 0x00000000c3900000| PB 0x00000000c3900000| Untracked 
|  14|0x00000000c3a00000, 0x00000000c3b00000, 0x00000000c3b00000|100%| O|  |TAMS 0x00000000c3a00000| PB 0x00000000c3a00000| Untracked 
|  15|0x00000000c3b00000, 0x00000000c3c00000, 0x00000000c3c00000|100%| O|  |TAMS 0x00000000c3b00000| PB 0x00000000c3b00000| Untracked 
|  16|0x00000000c3c00000, 0x00000000c3d00000, 0x00000000c3d00000|100%| O|  |TAMS 0x00000000c3c00000| PB 0x00000000c3c00000| Untracked 
|  17|0x00000000c3d00000, 0x00000000c3e00000, 0x00000000c3e00000|100%| O|  |TAMS 0x00000000c3d00000| PB 0x00000000c3d00000| Untracked 
|  18|0x00000000c3e00000, 0x00000000c3f00000, 0x00000000c3f00000|100%| O|  |TAMS 0x00000000c3e00000| PB 0x00000000c3e00000| Untracked 
|  19|0x00000000c3f00000, 0x00000000c4000000, 0x00000000c4000000|100%| O|  |TAMS 0x00000000c3f00000| PB 0x00000000c3f00000| Untracked 
|  20|0x00000000c4000000, 0x00000000c4100000, 0x00000000c4100000|100%| O|  |TAMS 0x00000000c4000000| PB 0x00000000c4000000| Untracked 
|  21|0x00000000c4100000, 0x00000000c4200000, 0x00000000c4200000|100%| O|Cm|TAMS 0x00000000c4100000| PB 0x00000000c4100000| Complete 
|  22|0x00000000c4200000, 0x00000000c4300000, 0x00000000c4300000|100%| O|  |TAMS 0x00000000c4200000| PB 0x00000000c4200000| Untracked 
|  23|0x00000000c4300000, 0x00000000c4400000, 0x00000000c4400000|100%| O|  |TAMS 0x00000000c4300000| PB 0x00000000c4300000| Untracked 
|  24|0x00000000c4400000, 0x00000000c4500000, 0x00000000c4500000|100%| O|  |TAMS 0x00000000c4400000| PB 0x00000000c4400000| Untracked 
|  25|0x00000000c4500000, 0x00000000c4600000, 0x00000000c4600000|100%| O|  |TAMS 0x00000000c4500000| PB 0x00000000c4500000| Untracked 
|  26|0x00000000c4600000, 0x00000000c4700000, 0x00000000c4700000|100%| O|  |TAMS 0x00000000c4600000| PB 0x00000000c4600000| Untracked 
|  27|0x00000000c4700000, 0x00000000c4800000, 0x00000000c4800000|100%| O|  |TAMS 0x00000000c4700000| PB 0x00000000c4700000| Untracked 
|  28|0x00000000c4800000, 0x00000000c4800000, 0x00000000c4900000|  0%| F|  |TAMS 0x00000000c4800000| PB 0x00000000c4800000| Untracked 
|  29|0x00000000c4900000, 0x00000000c4a00000, 0x00000000c4a00000|100%| O|  |TAMS 0x00000000c4900000| PB 0x00000000c4900000| Untracked 
|  30|0x00000000c4a00000, 0x00000000c4a00000, 0x00000000c4b00000|  0%| F|  |TAMS 0x00000000c4a00000| PB 0x00000000c4a00000| Untracked 
|  31|0x00000000c4b00000, 0x00000000c4b2a1f8, 0x00000000c4c00000| 16%| O|  |TAMS 0x00000000c4b00000| PB 0x00000000c4b00000| Untracked 
|  32|0x00000000c4c00000, 0x00000000c4c00000, 0x00000000c4d00000|  0%| F|  |TAMS 0x00000000c4c00000| PB 0x00000000c4c00000| Untracked 
|  33|0x00000000c4d00000, 0x00000000c4d00000, 0x00000000c4e00000|  0%| F|  |TAMS 0x00000000c4d00000| PB 0x00000000c4d00000| Untracked 
|  34|0x00000000c4e00000, 0x00000000c4e00000, 0x00000000c4f00000|  0%| F|  |TAMS 0x00000000c4e00000| PB 0x00000000c4e00000| Untracked 
|  35|0x00000000c4f00000, 0x00000000c4f00000, 0x00000000c5000000|  0%| F|  |TAMS 0x00000000c4f00000| PB 0x00000000c4f00000| Untracked 
|  36|0x00000000c5000000, 0x00000000c5100000, 0x00000000c5100000|100%| S|CS|TAMS 0x00000000c5000000| PB 0x00000000c5000000| Complete 
|  37|0x00000000c5100000, 0x00000000c5200000, 0x00000000c5200000|100%| S|CS|TAMS 0x00000000c5100000| PB 0x00000000c5100000| Complete 
|  38|0x00000000c5200000, 0x00000000c5200000, 0x00000000c5300000|  0%| F|  |TAMS 0x00000000c5200000| PB 0x00000000c5200000| Untracked 
|  39|0x00000000c5300000, 0x00000000c5300000, 0x00000000c5400000|  0%| F|  |TAMS 0x00000000c5300000| PB 0x00000000c5300000| Untracked 
|  40|0x00000000c5400000, 0x00000000c5400000, 0x00000000c5500000|  0%| F|  |TAMS 0x00000000c5400000| PB 0x00000000c5400000| Untracked 
|  41|0x00000000c5500000, 0x00000000c5500000, 0x00000000c5600000|  0%| F|  |TAMS 0x00000000c5500000| PB 0x00000000c5500000| Untracked 
|  42|0x00000000c5600000, 0x00000000c5600000, 0x00000000c5700000|  0%| F|  |TAMS 0x00000000c5600000| PB 0x00000000c5600000| Untracked 
|  43|0x00000000c5700000, 0x00000000c5700000, 0x00000000c5800000|  0%| F|  |TAMS 0x00000000c5700000| PB 0x00000000c5700000| Untracked 
|  44|0x00000000c5800000, 0x00000000c5800000, 0x00000000c5900000|  0%| F|  |TAMS 0x00000000c5800000| PB 0x00000000c5800000| Untracked 
|  45|0x00000000c5900000, 0x00000000c5900000, 0x00000000c5a00000|  0%| F|  |TAMS 0x00000000c5900000| PB 0x00000000c5900000| Untracked 
|  46|0x00000000c5a00000, 0x00000000c5a00000, 0x00000000c5b00000|  0%| F|  |TAMS 0x00000000c5a00000| PB 0x00000000c5a00000| Untracked 
|  47|0x00000000c5b00000, 0x00000000c5b00000, 0x00000000c5c00000|  0%| F|  |TAMS 0x00000000c5b00000| PB 0x00000000c5b00000| Untracked 
|  48|0x00000000c5c00000, 0x00000000c5c00000, 0x00000000c5d00000|  0%| F|  |TAMS 0x00000000c5c00000| PB 0x00000000c5c00000| Untracked 
|  49|0x00000000c5d00000, 0x00000000c5d2f650, 0x00000000c5e00000| 18%| E|  |TAMS 0x00000000c5d00000| PB 0x00000000c5d00000| Complete 
|  50|0x00000000c5e00000, 0x00000000c5f00000, 0x00000000c5f00000|100%| E|CS|TAMS 0x00000000c5e00000| PB 0x00000000c5e00000| Complete 
|  53|0x00000000c6100000, 0x00000000c6200000, 0x00000000c6200000|100%| E|CS|TAMS 0x00000000c6100000| PB 0x00000000c6100000| Complete 

Card table byte_map: [0x00000290322a0000,0x0000029032490000] _byte_map_base: 0x0000029031c8a000

Marking Bits: (CMBitMap*) 0x000002901ae7e8f0
 Bits: [0x0000029032490000, 0x00000290333e0000)

Polling page: 0x000002901a5f0000

Metaspace:

Usage:
  Non-class:     62.27 MB used.
      Class:      9.68 MB used.
       Both:     71.95 MB used.

Virtual space:
  Non-class space:       64.00 MB reserved,      62.69 MB ( 98%) committed,  1 nodes.
      Class space:        1.00 GB reserved,      10.06 MB ( <1%) committed,  1 nodes.
             Both:        1.06 GB reserved,      72.75 MB (  7%) committed. 

Chunk freelists:
   Non-Class:  1.12 MB
       Class:  5.98 MB
        Both:  7.11 MB

MaxMetaspaceSize: unlimited
CompressedClassSpaceSize: 1.00 GB
Initial GC threshold: 21.00 MB
Current GC threshold: 114.19 MB
CDS: on
 - commit_granule_bytes: 65536.
 - commit_granule_words: 8192.
 - virtual_space_node_default_size: 8388608.
 - enlarge_chunks_in_place: 1.
 - use_allocation_guard: 0.


Internal statistics:

num_allocs_failed_limit: 9.
num_arena_births: 1190.
num_arena_deaths: 0.
num_vsnodes_births: 2.
num_vsnodes_deaths: 0.
num_space_committed: 1164.
num_space_uncommitted: 0.
num_chunks_returned_to_freelist: 9.
num_chunks_taken_from_freelist: 3988.
num_chunk_merges: 9.
num_chunk_splits: 2833.
num_chunks_enlarged: 2158.
num_inconsistent_stats: 0.

CodeHeap 'non-profiled nmethods': size=120064Kb used=3527Kb max_used=3527Kb free=116536Kb
 bounds [0x000002902ad60000, 0x000002902b0e0000, 0x00000290322a0000]
CodeHeap 'profiled nmethods': size=120000Kb used=10719Kb max_used=10719Kb free=109280Kb
 bounds [0x00000290232a0000, 0x0000029023d20000, 0x000002902a7d0000]
CodeHeap 'non-nmethods': size=5696Kb used=1766Kb max_used=1788Kb free=3929Kb
 bounds [0x000002902a7d0000, 0x000002902aa40000, 0x000002902ad60000]
 total_blobs=6473 nmethods=5695 adapters=682
 compilation: enabled
              stopped_count=0, restarted_count=0
 full_count=0

Compilation events (20 events):
Event: 652.221 Thread 0x000002903566c2a0 nmethod 6530 0x0000029023d0a310 code [0x0000029023d0a4c0, 0x0000029023d0a710]
Event: 652.272 Thread 0x0000029035646f30 6531       4       java.lang.String::substring (10 bytes)
Event: 652.282 Thread 0x0000029035646f30 nmethod 6531 0x000002902b0cfd90 code [0x000002902b0cff40, 0x000002902b0d03d0]
Event: 652.283 Thread 0x000002903566c2a0 6532       1       org.springframework.http.HttpMethod::name (5 bytes)
Event: 652.283 Thread 0x000002903566c2a0 nmethod 6532 0x000002902b0d0690 code [0x000002902b0d0820, 0x000002902b0d08e8]
Event: 652.283 Thread 0x000002903566c2a0 6533       1       org.springframework.web.util.pattern.PathPattern::getScore (5 bytes)
Event: 652.283 Thread 0x000002903566c2a0 nmethod 6533 0x000002902b0d0990 code [0x000002902b0d0b20, 0x000002902b0d0be8]
Event: 652.284 Thread 0x000002903566c2a0 6534       1       org.springframework.util.MimeType::getSubtype (5 bytes)
Event: 652.284 Thread 0x000002903566c2a0 nmethod 6534 0x000002902b0d0c90 code [0x000002902b0d0e20, 0x000002902b0d0ee8]
Event: 652.284 Thread 0x000002903566c2a0 6535       3       java.util.Comparator$$Lambda/0x0000029037152448::compare (10 bytes)
Event: 652.285 Thread 0x000002903566c2a0 nmethod 6535 0x0000029023d0a810 code [0x0000029023d0aa00, 0x0000029023d0ae60]
Event: 652.287 Thread 0x000002903566c2a0 6536       1       org.springframework.web.util.pattern.PathPattern::getNormalizedLength (5 bytes)
Event: 652.288 Thread 0x000002903566c2a0 nmethod 6536 0x000002902b0d0f90 code [0x000002902b0d1120, 0x000002902b0d11e8]
Event: 652.288 Thread 0x000002903566c2a0 6537       3       org.apache.catalina.connector.Request::getAttribute (336 bytes)
Event: 652.290 Thread 0x000002903566c2a0 nmethod 6537 0x0000029023d0af90 code [0x0000029023d0b400, 0x0000029023d0d490]
Event: 652.290 Thread 0x000002903566c2a0 6538       3       org.springframework.core.annotation.AnnotationTypeMapping$MirrorSets::updateFrom (148 bytes)
Event: 652.292 Thread 0x000002903566c2a0 nmethod 6538 0x0000029023d0df10 code [0x0000029023d0e2a0, 0x0000029023d0fbe8]
Event: 652.304 Thread 0x0000029035646f30 6539   !   4       jdk.internal.loader.Resource::getBytes (244 bytes)
Event: 652.337 Thread 0x000002903566c2a0 6540       3       sun.reflect.generics.parser.SignatureParser::parseMethodTypeSignature (41 bytes)
Event: 652.338 Thread 0x000002903566c2a0 nmethod 6540 0x0000029023d10490 code [0x0000029023d106c0, 0x0000029023d10bf8]

GC Heap History (20 events):
Event: 19.548 GC heap before
{Heap before GC invocations=9 (full 0):
 garbage-first heap   total 51200K, used 28284K [0x00000000c2c00000, 0x0000000100000000)
  region size 1024K, 12 young (12288K), 2 survivors (2048K)
 Metaspace       used 35562K, committed 35968K, reserved 1114112K
  class space    used 4430K, committed 4608K, reserved 1048576K
}
Event: 19.554 GC heap after
{Heap after GC invocations=10 (full 0):
 garbage-first heap   total 51200K, used 20177K [0x00000000c2c00000, 0x0000000100000000)
  region size 1024K, 3 young (3072K), 3 survivors (3072K)
 Metaspace       used 35562K, committed 35968K, reserved 1114112K
  class space    used 4430K, committed 4608K, reserved 1048576K
}
Event: 22.110 GC heap before
{Heap before GC invocations=11 (full 0):
 garbage-first heap   total 51200K, used 40657K [0x00000000c2c00000, 0x0000000100000000)
  region size 1024K, 24 young (24576K), 3 survivors (3072K)
 Metaspace       used 41059K, committed 41664K, reserved 1114112K
  class space    used 5210K, committed 5504K, reserved 1048576K
}
Event: 22.121 GC heap after
{Heap after GC invocations=12 (full 0):
 garbage-first heap   total 51200K, used 21339K [0x00000000c2c00000, 0x0000000100000000)
  region size 1024K, 3 young (3072K), 3 survivors (3072K)
 Metaspace       used 41059K, committed 41664K, reserved 1114112K
  class space    used 5210K, committed 5504K, reserved 1048576K
}
Event: 23.907 GC heap before
{Heap before GC invocations=12 (full 0):
 garbage-first heap   total 51200K, used 40795K [0x00000000c2c00000, 0x0000000100000000)
  region size 1024K, 23 young (23552K), 3 survivors (3072K)
 Metaspace       used 46483K, committed 47104K, reserved 1114112K
  class space    used 6074K, committed 6400K, reserved 1048576K
}
Event: 23.918 GC heap after
{Heap after GC invocations=13 (full 0):
 garbage-first heap   total 51200K, used 22398K [0x00000000c2c00000, 0x0000000100000000)
  region size 1024K, 3 young (3072K), 3 survivors (3072K)
 Metaspace       used 46483K, committed 47104K, reserved 1114112K
  class space    used 6074K, committed 6400K, reserved 1048576K
}
Event: 25.110 GC heap before
{Heap before GC invocations=13 (full 0):
 garbage-first heap   total 51200K, used 41854K [0x00000000c2c00000, 0x0000000100000000)
  region size 1024K, 23 young (23552K), 3 survivors (3072K)
 Metaspace       used 52431K, committed 53056K, reserved 1114112K
  class space    used 6771K, committed 7040K, reserved 1048576K
}
Event: 25.119 GC heap after
{Heap after GC invocations=14 (full 0):
 garbage-first heap   total 51200K, used 23763K [0x00000000c2c00000, 0x0000000100000000)
  region size 1024K, 3 young (3072K), 3 survivors (3072K)
 Metaspace       used 52431K, committed 53056K, reserved 1114112K
  class space    used 6771K, committed 7040K, reserved 1048576K
}
Event: 26.142 GC heap before
{Heap before GC invocations=14 (full 0):
 garbage-first heap   total 51200K, used 43219K [0x00000000c2c00000, 0x0000000100000000)
  region size 1024K, 23 young (23552K), 3 survivors (3072K)
 Metaspace       used 57883K, committed 58560K, reserved 1114112K
  class space    used 7744K, committed 8064K, reserved 1048576K
}
Event: 26.149 GC heap after
{Heap after GC invocations=15 (full 0):
 garbage-first heap   total 51200K, used 24408K [0x00000000c2c00000, 0x0000000100000000)
  region size 1024K, 2 young (2048K), 2 survivors (2048K)
 Metaspace       used 57883K, committed 58560K, reserved 1114112K
  class space    used 7744K, committed 8064K, reserved 1048576K
}
Event: 26.490 GC heap before
{Heap before GC invocations=15 (full 0):
 garbage-first heap   total 51200K, used 28504K [0x00000000c2c00000, 0x0000000100000000)
  region size 1024K, 8 young (8192K), 2 survivors (2048K)
 Metaspace       used 59461K, committed 60096K, reserved 1114112K
  class space    used 7975K, committed 8256K, reserved 1048576K
}
Event: 26.496 GC heap after
{Heap after GC invocations=16 (full 0):
 garbage-first heap   total 51200K, used 24684K [0x00000000c2c00000, 0x0000000100000000)
  region size 1024K, 1 young (1024K), 1 survivors (1024K)
 Metaspace       used 59461K, committed 60096K, reserved 1114112K
  class space    used 7975K, committed 8256K, reserved 1048576K
}
Event: 28.577 GC heap before
{Heap before GC invocations=17 (full 0):
 garbage-first heap   total 51200K, used 45164K [0x00000000c2c00000, 0x0000000100000000)
  region size 1024K, 21 young (21504K), 1 survivors (1024K)
 Metaspace       used 63666K, committed 64320K, reserved 1114112K
  class space    used 8606K, committed 8896K, reserved 1048576K
}
Event: 28.586 GC heap after
{Heap after GC invocations=18 (full 0):
 garbage-first heap   total 51200K, used 26633K [0x00000000c2c00000, 0x0000000100000000)
  region size 1024K, 3 young (3072K), 3 survivors (3072K)
 Metaspace       used 63666K, committed 64320K, reserved 1114112K
  class space    used 8606K, committed 8896K, reserved 1048576K
}
Event: 30.072 GC heap before
{Heap before GC invocations=18 (full 0):
 garbage-first heap   total 51200K, used 44041K [0x00000000c2c00000, 0x0000000100000000)
  region size 1024K, 20 young (20480K), 3 survivors (3072K)
 Metaspace       used 66868K, committed 67712K, reserved 1114112K
  class space    used 9015K, committed 9408K, reserved 1048576K
}
Event: 30.084 GC heap after
{Heap after GC invocations=19 (full 0):
 garbage-first heap   total 51200K, used 27988K [0x00000000c2c00000, 0x0000000100000000)
  region size 1024K, 2 young (2048K), 2 survivors (2048K)
 Metaspace       used 66868K, committed 67712K, reserved 1114112K
  class space    used 9015K, committed 9408K, reserved 1048576K
}
Event: 31.963 GC heap before
{Heap before GC invocations=19 (full 0):
 garbage-first heap   total 51200K, used 45396K [0x00000000c2c00000, 0x0000000100000000)
  region size 1024K, 19 young (19456K), 2 survivors (2048K)
 Metaspace       used 69300K, committed 70144K, reserved 1114112K
  class space    used 9350K, committed 9728K, reserved 1048576K
}
Event: 31.973 GC heap after
{Heap after GC invocations=20 (full 0):
 garbage-first heap   total 51200K, used 29944K [0x00000000c2c00000, 0x0000000100000000)
  region size 1024K, 2 young (2048K), 2 survivors (2048K)
 Metaspace       used 69300K, committed 70144K, reserved 1114112K
  class space    used 9350K, committed 9728K, reserved 1048576K
}
Event: 649.252 GC heap before
{Heap before GC invocations=21 (full 0):
 garbage-first heap   total 53248K, used 43256K [0x00000000c2c00000, 0x0000000100000000)
  region size 1024K, 16 young (16384K), 2 survivors (2048K)
 Metaspace       used 73141K, committed 73984K, reserved 1114112K
  class space    used 9844K, committed 10240K, reserved 1048576K
}
Event: 649.279 GC heap after
{Heap after GC invocations=22 (full 0):
 garbage-first heap   total 53248K, used 31912K [0x00000000c2c00000, 0x0000000100000000)
  region size 1024K, 2 young (2048K), 2 survivors (2048K)
 Metaspace       used 73141K, committed 73984K, reserved 1114112K
  class space    used 9844K, committed 10240K, reserved 1048576K
}

Dll operation events (11 events):
Event: 0.019 Loaded shared library C:\Program Files\Java\jdk-21\bin\java.dll
Event: 0.086 Loaded shared library C:\Program Files\Java\jdk-21\bin\jsvml.dll
Event: 0.272 Loaded shared library C:\Program Files\Java\jdk-21\bin\net.dll
Event: 0.279 Loaded shared library C:\Program Files\Java\jdk-21\bin\nio.dll
Event: 0.285 Loaded shared library C:\Program Files\Java\jdk-21\bin\zip.dll
Event: 0.698 Loaded shared library C:\Program Files\Java\jdk-21\bin\jimage.dll
Event: 5.511 Loaded shared library C:\Program Files\Java\jdk-21\bin\sunmscapi.dll
Event: 14.105 Loaded shared library C:\Program Files\Java\jdk-21\bin\management.dll
Event: 14.119 Loaded shared library C:\Program Files\Java\jdk-21\bin\management_ext.dll
Event: 22.335 Loaded shared library C:\Program Files\Java\jdk-21\bin\verify.dll
Event: 31.718 Loaded shared library C:\Program Files\Java\jdk-21\bin\extnet.dll

Deoptimization events (20 events):
Event: 649.122 Thread 0x000002907e355000 DEOPT PACKING pc=0x000002902ae3a700 sp=0x000000aded0fe2e0
Event: 649.122 Thread 0x000002907e355000 DEOPT UNPACKING pc=0x000002902a82469c sp=0x000000aded0fe270 mode 2
Event: 649.122 Thread 0x000002907e355000 Uncommon trap: trap_request=0xffffffbe fr.pc=0x000002902af17584 relative=0x00000000000008e4
Event: 649.122 Thread 0x000002907e355000 Uncommon trap: reason=profile_predicate action=maybe_recompile pc=0x000002902af17584 method=java.util.Properties.load0(Ljava/util/Properties$LineReader;)V @ 14 c2
Event: 649.122 Thread 0x000002907e355000 DEOPT PACKING pc=0x000002902af17584 sp=0x000000aded0fe370
Event: 649.122 Thread 0x000002907e355000 DEOPT UNPACKING pc=0x000002902a82469c sp=0x000000aded0fe320 mode 2
Event: 649.237 Thread 0x000002907e355690 Uncommon trap: trap_request=0xffffff45 fr.pc=0x000002902adfad64 relative=0x00000000000000c4
Event: 649.237 Thread 0x000002907e355690 Uncommon trap: reason=unstable_if action=reinterpret pc=0x000002902adfad64 method=java.lang.String.codePointAt(I)I @ 4 c2
Event: 649.237 Thread 0x000002907e355690 DEOPT PACKING pc=0x000002902adfad64 sp=0x000000aded1fdd00
Event: 649.237 Thread 0x000002907e355690 DEOPT UNPACKING pc=0x000002902a82469c sp=0x000000aded1fdc98 mode 2
Event: 649.241 Thread 0x000002907e355690 Uncommon trap: trap_request=0xffffffbe fr.pc=0x000002902af17584 relative=0x00000000000008e4
Event: 649.241 Thread 0x000002907e355690 Uncommon trap: reason=profile_predicate action=maybe_recompile pc=0x000002902af17584 method=java.util.Properties.load0(Ljava/util/Properties$LineReader;)V @ 14 c2
Event: 649.241 Thread 0x000002907e355690 DEOPT PACKING pc=0x000002902af17584 sp=0x000000aded1fdbc0
Event: 649.241 Thread 0x000002907e355690 DEOPT UNPACKING pc=0x000002902a82469c sp=0x000000aded1fdb70 mode 2
Event: 649.988 Thread 0x000002907e355d20 DEOPT PACKING pc=0x00000290234cfd9d sp=0x000000aded2fce60
Event: 649.988 Thread 0x000002907e355d20 DEOPT UNPACKING pc=0x000002902a824e23 sp=0x000000aded2fc300 mode 0
Event: 652.296 Thread 0x000002907e3570d0 Uncommon trap: trap_request=0xffffff76 fr.pc=0x000002902b0c528c relative=0x000000000000054c
Event: 652.296 Thread 0x000002907e3570d0 Uncommon trap: reason=predicate action=maybe_recompile pc=0x000002902b0c528c method=java.util.TimSort.reverseRange([Ljava/lang/Object;II)V @ 5 c2
Event: 652.296 Thread 0x000002907e3570d0 DEOPT PACKING pc=0x000002902b0c528c sp=0x000000aded5fd380
Event: 652.297 Thread 0x000002907e3570d0 DEOPT UNPACKING pc=0x000002902a82469c sp=0x000000aded5fd2b8 mode 2

Classes loaded (20 events):
Event: 650.021 Loading class sun/text/resources/JavaTimeSupplementary_en
Event: 650.021 Loading class sun/text/resources/JavaTimeSupplementary_en done
Event: 650.022 Loading class sun/util/resources/ParallelListResourceBundle$KeySet
Event: 650.022 Loading class sun/util/resources/ParallelListResourceBundle$KeySet done
Event: 650.026 Loading class sun/util/locale/provider/CalendarDataUtility$CalendarFieldValueNameGetter
Event: 650.026 Loading class sun/util/locale/provider/CalendarDataUtility$CalendarFieldValueNameGetter done
Event: 652.188 Loading class java/util/ArrayList$SubList$2
Event: 652.203 Loading class java/util/ArrayList$SubList$2 done
Event: 652.239 Loading class java/time/format/DateTimeFormatterBuilder$ReducedPrinterParser
Event: 652.248 Loading class java/time/format/DateTimeFormatterBuilder$ReducedPrinterParser done
Event: 652.269 Loading class java/util/stream/ReferencePipeline$4
Event: 652.270 Loading class java/util/stream/ReferencePipeline$4 done
Event: 652.270 Loading class java/util/function/IntBinaryOperator
Event: 652.270 Loading class java/util/function/IntBinaryOperator done
Event: 652.270 Loading class java/util/stream/ReduceOps$7
Event: 652.271 Loading class java/util/stream/ReduceOps$7 done
Event: 652.271 Loading class java/util/stream/ReduceOps$6ReducingSink
Event: 652.271 Loading class java/util/stream/ReduceOps$6ReducingSink done
Event: 652.271 Loading class java/util/stream/ReferencePipeline$4$1
Event: 652.271 Loading class java/util/stream/ReferencePipeline$4$1 done

Classes unloaded (0 events):
No events

Classes redefined (0 events):
No events

Internal exceptions (20 events):
Event: 29.192 Thread 0x0000029018cd51e0 Exception <a 'java/lang/NoSuchMethodError'{0x00000000c5493bb8}: 'java.lang.Object java.lang.invoke.DirectMethodHandle$Holder.invokeStatic(java.lang.Object, int, java.lang.Object, java.lang.Object)'> (0x00000000c5493bb8) 
thrown [s\open\src\hotspot\share\interpreter\linkResolver.cpp, line 773]
Event: 29.192 Thread 0x0000029018cd51e0 Exception <a 'java/lang/NoSuchMethodError'{0x00000000c5497c68}: 'java.lang.Object java.lang.invoke.DirectMethodHandle$Holder.invokeSpecial(java.lang.Object, java.lang.Object, int, java.lang.Object, java.lang.Object)'> (0x00000000c5497c68) 
thrown [s\open\src\hotspot\share\interpreter\linkResolver.cpp, line 773]
Event: 29.192 Thread 0x0000029018cd51e0 Exception <a 'java/lang/NoSuchMethodError'{0x00000000c549b650}: 'java.lang.Object java.lang.invoke.DelegatingMethodHandle$Holder.delegate(java.lang.Object, int, java.lang.Object, java.lang.Object)'> (0x00000000c549b650) 
thrown [s\open\src\hotspot\share\interpreter\linkResolver.cpp, line 773]
Event: 29.198 Thread 0x0000029018cd51e0 Exception <a 'java/lang/NoSuchMethodError'{0x00000000c54aac28}: 'int java.lang.invoke.Invokers$Holder.linkToTargetMethod(java.lang.Object, java.lang.Object, java.lang.Object)'> (0x00000000c54aac28) 
thrown [s\open\src\hotspot\share\interpreter\linkResolver.cpp, line 773]
Event: 29.272 Thread 0x0000029018cd51e0 Exception <a 'java/lang/NoSuchMethodError'{0x00000000c53a5fd0}: 'void java.lang.invoke.Invokers$Holder.invokeExact_MT(java.lang.Object, java.lang.Object, java.lang.Object)'> (0x00000000c53a5fd0) 
thrown [s\open\src\hotspot\share\interpreter\linkResolver.cpp, line 773]
Event: 29.417 Thread 0x0000029018cd51e0 Exception <a 'java/lang/NoSuchMethodError'{0x00000000c5147958}: 'java.lang.Object java.lang.invoke.DirectMethodHandle$Holder.newInvokeSpecial(java.lang.Object, java.lang.Object, java.lang.Object, java.lang.Object, java.lang.Object, java.lang.Object, java.lang.Object, java.lang.Object)'> (0x00000000c5147958) 
thrown [s\open\src\hotspot\share\interpreter\linkResolver.cpp, line 773]
Event: 30.282 Thread 0x0000029018cd51e0 Exception <a 'java/lang/NoSuchMethodError'{0x00000000c5bcaa10}: 'void java.lang.invoke.Invokers$Holder.invokeExact_MT(java.lang.Object, java.lang.Object, java.lang.Object, java.lang.Object)'> (0x00000000c5bcaa10) 
thrown [s\open\src\hotspot\share\interpreter\linkResolver.cpp, line 773]
Event: 30.351 Thread 0x0000029018cd51e0 Exception <a 'java/lang/IncompatibleClassChangeError'{0x00000000c594eb28}: Found class java.lang.Object, but interface was expected> (0x00000000c594eb28) 
thrown [s\open\src\hotspot\share\interpreter\linkResolver.cpp, line 840]
Event: 30.625 Thread 0x0000029018cd51e0 Exception <a 'java/lang/NoSuchMethodError'{0x00000000c58f0218}: 'void java.lang.invoke.DirectMethodHandle$Holder.invokeVirtual(java.lang.Object, java.lang.Object, long)'> (0x00000000c58f0218) 
thrown [s\open\src\hotspot\share\interpreter\linkResolver.cpp, line 773]
Event: 30.840 Thread 0x0000029018cd51e0 Exception <a 'java/lang/NoSuchMethodError'{0x00000000c552c768}: 'int java.lang.invoke.DirectMethodHandle$Holder.invokeStaticInit(java.lang.Object, java.lang.Object, java.lang.Object, java.lang.Object)'> (0x00000000c552c768) 
thrown [s\open\src\hotspot\share\interpreter\linkResolver.cpp, line 773]
Event: 31.274 Thread 0x0000029018cd51e0 Exception <a 'java/lang/IncompatibleClassChangeError'{0x00000000c526ded0}: Found class java.lang.Object, but interface was expected> (0x00000000c526ded0) 
thrown [s\open\src\hotspot\share\interpreter\linkResolver.cpp, line 840]
Event: 31.320 Thread 0x0000029018cd51e0 Implicit null exception at 0x000002902ae9a7c2 to 0x000002902ae9a838
Event: 31.320 Thread 0x0000029018cd51e0 Implicit null exception at 0x000002902b0605f7 to 0x000002902b060860
Event: 31.491 Thread 0x0000029018cd51e0 Exception <a 'java/lang/NoSuchMethodError'{0x00000000c50b37b8}: 'java.lang.Object java.lang.invoke.Invokers$Holder.invoke_MT(java.lang.Object, java.lang.Object, java.lang.Object, java.lang.Object, java.lang.Object, java.lang.Object, java.lang.Object, java.lang.Object, java.lang.Object, java.lang.Object, java.lang.Object)'> (0x00000000c50b37b8) 
thrown [s\open\src\hotspot\share\interpreter\linkResolver.cpp, line 773]
Event: 31.694 Thread 0x0000029018cd51e0 Exception <a 'java/lang/NoSuchMethodError'{0x00000000c4e844f0}: 'java.lang.Object java.lang.invoke.DirectMethodHandle$Holder.newInvokeSpecial(java.lang.Object, java.lang.Object, int, java.lang.Object, java.lang.Object)'> (0x00000000c4e844f0) 
thrown [s\open\src\hotspot\share\interpreter\linkResolver.cpp, line 773]
Event: 595.868 Thread 0x000002907e354970 Exception <a 'java/lang/NoSuchMethodError'{0x00000000c61d4468}: 'java.lang.Object java.lang.invoke.DirectMethodHandle$Holder.invokeStatic(java.lang.Object, java.lang.Object, java.lang.Object, int, int)'> (0x00000000c61d4468) 
thrown [s\open\src\hotspot\share\interpreter\linkResolver.cpp, line 773]
Event: 595.870 Thread 0x000002907e354970 Exception <a 'java/lang/NoSuchMethodError'{0x00000000c61d7768}: 'java.lang.Object java.lang.invoke.DirectMethodHandle$Holder.invokeStaticInit(java.lang.Object, java.lang.Object, java.lang.Object, int, int)'> (0x00000000c61d7768) 
thrown [s\open\src\hotspot\share\interpreter\linkResolver.cpp, line 773]
Event: 600.985 Thread 0x000002907b0cc570 Exception <a 'java/lang/NoSuchMethodError'{0x00000000c5d27098}: 'java.lang.Object java.lang.invoke.DirectMethodHandle$Holder.invokeSpecial(java.lang.Object, java.lang.Object, java.lang.Object, java.lang.Object, java.lang.Object, long)'> (0x00000000c5d27098) 
thrown [s\open\src\hotspot\share\interpreter\linkResolver.cpp, line 773]
Event: 600.986 Thread 0x000002907b0cc570 Exception <a 'java/lang/NoSuchMethodError'{0x00000000c5d2a810}: 'java.lang.Object java.lang.invoke.Invokers$Holder.linkToTargetMethod(java.lang.Object, java.lang.Object, java.lang.Object, long, java.lang.Object)'> (0x00000000c5d2a810) 
thrown [s\open\src\hotspot\share\interpreter\linkResolver.cpp, line 773]
Event: 652.187 Thread 0x000002907e3570d0 Exception <a 'java/lang/NoSuchMethodError'{0x00000000c61d2ce0}: 'java.lang.Object java.lang.invoke.DirectMethodHandle$Holder.invokeStatic(java.lang.Object, int, int)'> (0x00000000c61d2ce0) 
thrown [s\open\src\hotspot\share\interpreter\linkResolver.cpp, line 773]

ZGC Phase Switch (0 events):
No events

VM Operations (20 events):
Event: 601.667 Executing VM operation: HandshakeAllThreads (Deoptimize)
Event: 601.667 Executing VM operation: HandshakeAllThreads (Deoptimize) done
Event: 601.895 Executing VM operation: HandshakeAllThreads (Deoptimize)
Event: 601.895 Executing VM operation: HandshakeAllThreads (Deoptimize) done
Event: 602.902 Executing VM operation: Cleanup
Event: 602.902 Executing VM operation: Cleanup done
Event: 614.983 Executing VM operation: Cleanup
Event: 614.983 Executing VM operation: Cleanup done
Event: 616.997 Executing VM operation: Cleanup
Event: 616.997 Executing VM operation: Cleanup done
Event: 633.153 Executing VM operation: Cleanup
Event: 633.153 Executing VM operation: Cleanup done
Event: 649.085 Executing VM operation: HandshakeAllThreads (Deoptimize)
Event: 649.085 Executing VM operation: HandshakeAllThreads (Deoptimize) done
Event: 649.252 Executing VM operation: G1CollectForAllocation (G1 Evacuation Pause)
Event: 649.279 Executing VM operation: G1CollectForAllocation (G1 Evacuation Pause) done
Event: 650.286 Executing VM operation: Cleanup
Event: 650.349 Executing VM operation: Cleanup done
Event: 652.354 Executing VM operation: Cleanup
Event: 652.359 Executing VM operation: Cleanup done

Events (20 events):
Event: 32.254 Thread 0x0000029035620d50 flushing nmethod 0x0000029023b17510
Event: 32.254 Thread 0x0000029035620d50 flushing nmethod 0x0000029023b53a90
Event: 32.254 Thread 0x0000029035620d50 flushing nmethod 0x0000029023b53f90
Event: 32.254 Thread 0x0000029035620d50 flushing nmethod 0x0000029023b5ba10
Event: 32.254 Thread 0x0000029035620d50 flushing nmethod 0x0000029023b5bd90
Event: 32.254 Thread 0x0000029035620d50 flushing nmethod 0x0000029023b5d510
Event: 32.254 Thread 0x0000029035620d50 flushing nmethod 0x0000029023b60e90
Event: 32.254 Thread 0x0000029035620d50 flushing nmethod 0x0000029023b68c10
Event: 32.254 Thread 0x0000029035620d50 flushing nmethod 0x0000029023b69710
Event: 32.254 Thread 0x0000029035620d50 flushing nmethod 0x0000029023b6a810
Event: 32.254 Thread 0x0000029035620d50 flushing nmethod 0x0000029023b80210
Event: 32.254 Thread 0x0000029035620d50 flushing nmethod 0x0000029023b80c90
Event: 32.254 Thread 0x0000029035620d50 flushing nmethod 0x0000029023b82510
Event: 32.254 Thread 0x0000029035620d50 flushing nmethod 0x0000029023b85c90
Event: 32.254 Thread 0x0000029035620d50 flushing nmethod 0x0000029023b86690
Event: 32.254 Thread 0x0000029035620d50 flushing nmethod 0x0000029023b87090
Event: 32.254 Thread 0x0000029035620d50 flushing nmethod 0x0000029023b8a410
Event: 32.254 Thread 0x0000029035620d50 flushing nmethod 0x0000029023ba8610
Event: 32.344 Thread 0x0000029018cd51e0 Thread exited: 0x0000029018cd51e0
Event: 32.345 Thread 0x000002907c247b80 Thread added: 0x000002907c247b80


Dynamic libraries:
0x00007ff6eedf0000 - 0x00007ff6eee00000 	C:\Program Files\Java\jdk-21\bin\java.exe
0x00007ffd85770000 - 0x00007ffd85987000 	C:\WINDOWS\SYSTEM32\ntdll.dll
0x00007ffd53180000 - 0x00007ffd531a0000 	C:\Program Files\Avast Software\Avast\aswhook.dll
0x00007ffd847f0000 - 0x00007ffd848b4000 	C:\WINDOWS\System32\KERNEL32.DLL
0x00007ffd82b70000 - 0x00007ffd82f43000 	C:\WINDOWS\System32\KERNELBASE.dll
0x00007ffd829d0000 - 0x00007ffd82ae1000 	C:\WINDOWS\System32\ucrtbase.dll
0x00007ffd7ae50000 - 0x00007ffd7ae69000 	C:\Program Files\Java\jdk-21\bin\jli.dll
0x00007ffd854e0000 - 0x00007ffd85591000 	C:\WINDOWS\System32\ADVAPI32.dll
0x00007ffd84f20000 - 0x00007ffd84fc7000 	C:\WINDOWS\System32\msvcrt.dll
0x00007ffd83ab0000 - 0x00007ffd83b57000 	C:\WINDOWS\System32\sechost.dll
0x00007ffd830c0000 - 0x00007ffd830e8000 	C:\WINDOWS\System32\bcrypt.dll
0x00007ffd853c0000 - 0x00007ffd854d4000 	C:\WINDOWS\System32\RPCRT4.dll
0x00007ffd83b60000 - 0x00007ffd83d11000 	C:\WINDOWS\System32\USER32.dll
0x00007ffd82860000 - 0x00007ffd82886000 	C:\WINDOWS\System32\win32u.dll
0x00007ffd855a0000 - 0x00007ffd855c9000 	C:\WINDOWS\System32\GDI32.dll
0x00007ffd83250000 - 0x00007ffd83372000 	C:\WINDOWS\System32\gdi32full.dll
0x00007ffd831b0000 - 0x00007ffd8324a000 	C:\WINDOWS\System32\msvcp_win.dll
0x00007ffd6eee0000 - 0x00007ffd6eefb000 	C:\Program Files\Java\jdk-21\bin\VCRUNTIME140.dll
0x00007ffd68230000 - 0x00007ffd684cb000 	C:\WINDOWS\WinSxS\amd64_microsoft.windows.common-controls_6595b64144ccf1df_6.0.22621.5262_none_2712bde373830908\COMCTL32.dll
0x00007ffd7d0f0000 - 0x00007ffd7d0fa000 	C:\WINDOWS\SYSTEM32\VERSION.dll
0x00007ffd845d0000 - 0x00007ffd84601000 	C:\WINDOWS\System32\IMM32.DLL
0x00007ffd7f4f0000 - 0x00007ffd7f4fc000 	C:\Program Files\Java\jdk-21\bin\vcruntime140_1.dll
0x00007ffd44b50000 - 0x00007ffd44bde000 	C:\Program Files\Java\jdk-21\bin\msvcp140.dll
0x00007ffd322c0000 - 0x00007ffd32fd3000 	C:\Program Files\Java\jdk-21\bin\server\jvm.dll
0x00007ffd835a0000 - 0x00007ffd83611000 	C:\WINDOWS\System32\WS2_32.dll
0x00007ffd82730000 - 0x00007ffd8277d000 	C:\WINDOWS\SYSTEM32\POWRPROF.dll
0x00007ffd7be30000 - 0x00007ffd7be64000 	C:\WINDOWS\SYSTEM32\WINMM.dll
0x00007ffd82710000 - 0x00007ffd82723000 	C:\WINDOWS\SYSTEM32\UMPDC.dll
0x00007ffd81860000 - 0x00007ffd81878000 	C:\WINDOWS\SYSTEM32\kernel.appcore.dll
0x00007ffd7f4b0000 - 0x00007ffd7f4ba000 	C:\Program Files\Java\jdk-21\bin\jimage.dll
0x00007ffd80200000 - 0x00007ffd80432000 	C:\WINDOWS\SYSTEM32\DBGHELP.DLL
0x00007ffd83710000 - 0x00007ffd83aa3000 	C:\WINDOWS\System32\combase.dll
0x00007ffd84710000 - 0x00007ffd847e7000 	C:\WINDOWS\System32\OLEAUT32.dll
0x00007ffd7a810000 - 0x00007ffd7a842000 	C:\WINDOWS\SYSTEM32\dbgcore.DLL
0x00007ffd83380000 - 0x00007ffd833fb000 	C:\WINDOWS\System32\bcryptPrimitives.dll
0x00007ffd6eec0000 - 0x00007ffd6eedf000 	C:\Program Files\Java\jdk-21\bin\java.dll
0x00007ffd83d20000 - 0x00007ffd845bd000 	C:\WINDOWS\System32\SHELL32.dll
0x00007ffd82890000 - 0x00007ffd829cf000 	C:\WINDOWS\System32\wintypes.dll
0x00007ffd80750000 - 0x00007ffd8106d000 	C:\WINDOWS\SYSTEM32\windows.storage.dll
0x00007ffd83400000 - 0x00007ffd8350b000 	C:\WINDOWS\System32\SHCORE.dll
0x00007ffd83530000 - 0x00007ffd83596000 	C:\WINDOWS\System32\shlwapi.dll
0x00007ffd82790000 - 0x00007ffd827bb000 	C:\WINDOWS\SYSTEM32\profapi.dll
0x00007ffd3c0a0000 - 0x00007ffd3c177000 	C:\Program Files\Java\jdk-21\bin\jsvml.dll
0x00007ffd7f250000 - 0x00007ffd7f260000 	C:\Program Files\Java\jdk-21\bin\net.dll
0x00007ffd7bcd0000 - 0x00007ffd7bdfc000 	C:\WINDOWS\SYSTEM32\WINHTTP.dll
0x00007ffd81cd0000 - 0x00007ffd81d3a000 	C:\WINDOWS\system32\mswsock.dll
0x00007ffd6e950000 - 0x00007ffd6e966000 	C:\Program Files\Java\jdk-21\bin\nio.dll
0x00007ffd6e7e0000 - 0x00007ffd6e7f8000 	C:\Program Files\Java\jdk-21\bin\zip.dll
0x00007ffd774c0000 - 0x00007ffd774ce000 	C:\Program Files\Java\jdk-21\bin\sunmscapi.dll
0x00007ffd82f50000 - 0x00007ffd830b7000 	C:\WINDOWS\System32\CRYPT32.dll
0x00007ffd82130000 - 0x00007ffd8215d000 	C:\WINDOWS\SYSTEM32\ncrypt.dll
0x00007ffd820f0000 - 0x00007ffd82127000 	C:\WINDOWS\SYSTEM32\NTASN1.dll
0x00007ffd82020000 - 0x00007ffd8203b000 	C:\WINDOWS\SYSTEM32\CRYPTSP.dll
0x00007ffd817c0000 - 0x00007ffd817f7000 	C:\WINDOWS\system32\rsaenh.dll
0x00007ffd81d70000 - 0x00007ffd81d98000 	C:\WINDOWS\SYSTEM32\USERENV.dll
0x00007ffd82000000 - 0x00007ffd8200c000 	C:\WINDOWS\SYSTEM32\CRYPTBASE.dll
0x00007ffd81360000 - 0x00007ffd8138d000 	C:\WINDOWS\SYSTEM32\IPHLPAPI.DLL
0x00007ffd848c0000 - 0x00007ffd848c9000 	C:\WINDOWS\System32\NSI.dll
0x00007ffd7e910000 - 0x00007ffd7e91a000 	C:\Program Files\Java\jdk-21\bin\management.dll
0x00007ffd740f0000 - 0x00007ffd740fb000 	C:\Program Files\Java\jdk-21\bin\management_ext.dll
0x00007ffd85070000 - 0x00007ffd85078000 	C:\WINDOWS\System32\PSAPI.DLL
0x00007ffd73f10000 - 0x00007ffd73f20000 	C:\Program Files\Java\jdk-21\bin\verify.dll
0x00007ffd6eeb0000 - 0x00007ffd6eeb9000 	C:\Program Files\Java\jdk-21\bin\extnet.dll
0x00007ffd42090000 - 0x00007ffd42098000 	C:\WINDOWS\system32\wshunix.dll
0x00007ffd5d0a0000 - 0x00007ffd5d0b7000 	C:\WINDOWS\system32\napinsp.dll
0x00007ffd5d080000 - 0x00007ffd5d09b000 	C:\WINDOWS\system32\pnrpnsp.dll
0x00007ffd81390000 - 0x00007ffd81488000 	C:\WINDOWS\SYSTEM32\DNSAPI.dll
0x00007ffd5d060000 - 0x00007ffd5d071000 	C:\WINDOWS\System32\winrnr.dll
0x00007ffd5d040000 - 0x00007ffd5d05f000 	C:\WINDOWS\system32\wshbth.dll
0x00007ffd5d010000 - 0x00007ffd5d031000 	C:\WINDOWS\system32\nlansp_c.dll
0x00007ffd72890000 - 0x00007ffd7289a000 	C:\Windows\System32\rasadhlp.dll
0x00007ffd7a6b0000 - 0x00007ffd7a733000 	C:\WINDOWS\System32\fwpuclnt.dll

dbghelp: loaded successfully - version: 4.0.5 - missing functions: none
symbol engine: initialized successfully - sym options: 0x614 - pdb path: .;C:\Program Files\Java\jdk-21\bin;C:\WINDOWS\SYSTEM32;C:\Program Files\Avast Software\Avast;C:\WINDOWS\WinSxS\amd64_microsoft.windows.common-controls_6595b64144ccf1df_6.0.22621.5262_none_2712bde373830908;C:\Program Files\Java\jdk-21\bin\server

VM Arguments:
jvm_args: -XX:+ShowCodeDetailsInExceptionMessages 
java_command: com.petshop.PetshopApplication
java_class_path (initial): C:\Users\victo\OneDrive\Documentos\Trabalho - DAW1\petshop\target\classes;C:\Users\victo\.m2\repository\org\springframework\boot\spring-boot-starter-data-jpa\3.4.7\spring-boot-starter-data-jpa-3.4.7.jar;C:\Users\victo\.m2\repository\org\springframework\boot\spring-boot-starter\3.4.7\spring-boot-starter-3.4.7.jar;C:\Users\victo\.m2\repository\org\springframework\boot\spring-boot\3.4.7\spring-boot-3.4.7.jar;C:\Users\victo\.m2\repository\org\springframework\boot\spring-boot-autoconfigure\3.4.7\spring-boot-autoconfigure-3.4.7.jar;C:\Users\victo\.m2\repository\org\springframework\boot\spring-boot-starter-logging\3.4.7\spring-boot-starter-logging-3.4.7.jar;C:\Users\victo\.m2\repository\ch\qos\logback\logback-classic\1.5.18\logback-classic-1.5.18.jar;C:\Users\victo\.m2\repository\ch\qos\logback\logback-core\1.5.18\logback-core-1.5.18.jar;C:\Users\victo\.m2\repository\org\apache\logging\log4j\log4j-to-slf4j\2.24.3\log4j-to-slf4j-2.24.3.jar;C:\Users\victo\.m2\repository\org\apache\logging\log4j\log4j-api\2.24.3\log4j-api-2.24.3.jar;C:\Users\victo\.m2\repository\org\slf4j\jul-to-slf4j\2.0.17\jul-to-slf4j-2.0.17.jar;C:\Users\victo\.m2\repository\jakarta\annotation\jakarta.annotation-api\2.1.1\jakarta.annotation-api-2.1.1.jar;C:\Users\victo\.m2\repository\org\yaml\snakeyaml\2.3\snakeyaml-2.3.jar;C:\Users\victo\.m2\repository\org\springframework\boot\spring-boot-starter-jdbc\3.4.7\spring-boot-starter-jdbc-3.4.7.jar;C:\Users\victo\.m2\repository\com\zaxxer\HikariCP\5.1.0\HikariCP-5.1.0.jar;C:\Users\victo\.m2\repository\org\springframework\spring-jdbc\6.2.8\spring-jdbc-6.2.8.jar;C:\Users\victo\.m2\repository\org\hibernate\orm\hibernate-core\6.6.18.Final\hibernate-core-6.6.18.Final.jar;C:\Users\victo\.m2\repository\jakarta\persistence\jakarta.persistence-api\3.1.0\jakarta.persistence-api-3.1.0.jar;C:\Users\victo\.m2\repository\jakarta\transaction\jakarta.transaction-api\2.0.1\jakarta.transaction-api-2.0.1.jar;C:\Users\victo\.m2\repository\org\jboss\logging\jboss-logging\3.6.1.Final\jboss-logging-3.6.1.Final.jar;C:\Users\victo\.m2\repository\org\hibernate\common\hibernate-commons-annotations\7.0.3.Final\hibernate-commons-annotations-7.0.3.Final.jar;C:\Users\victo\.m2\repository\io\smallrye\jandex\3.2.0\jandex-3.2.0.jar;C:\Users\victo\.m2\repository\com\fasterxml\classmate\1.7.0\classmate-1.7.0.jar;C:\Users\victo\.m2\repository\net\bytebuddy\byte-buddy\1.15.11\byte-buddy-1.15.11.jar;C:\Users\victo\.m2\repository\org\glassfish\jaxb\jaxb-runtime\4.0.5\jaxb-runtime-4.0.5.jar;C:\Users\victo\.m2\repository\org\glassfish\jaxb\jaxb-core\4.0.5\jaxb-core-4.0.5.jar;C:\Users\victo\.m2\repository\org\eclipse\angus\angus-activation\2.0.2\angus-activation-2.0.2.jar;C:\Users\victo\.m2\repository\org\glassfish\jaxb\txw2\4.0.5\txw2-4.0.5.jar;C:\Users\victo\.m2\repository\com\sun\istack\istack-commons-runtime\4.1.2\istack-commons-runtime-4.1.2.jar;C:\Users\victo\.m2\repository\jakarta\inject\jakarta.inject-api\2.0.1\jakarta.inject-api-2.0.1.jar;C:\Users\victo\.m2\repository\org\antlr\antlr4-runtime\4.13.0\antlr4-runtime-4.13.0.jar;C:\Users\victo\.m2\repository\org\springframework\data\spring-data-jpa\3.4.7\spring-data-jpa-3.4.7.jar;C:\Users\victo\.m2\repository\org\springframework\data\spring-data-commons\3.4.7\spring-data-commons-3.4.7.jar;C:\Users\victo\.m2\repository\org\springframework\spring-orm\6.2.8\spring-orm-6.2.8.jar;C:\Users\victo\.m2\repository\org\springframework\spring-context\6.2.8\spring-context-6.2.8.jar;C:\Users\victo\.m2\repository\org\springframework\spring-aop\6.2.8\spring-aop-6.2.8.jar;C:\Users\victo\.m2\repository\org\springframework\spring-tx\6.2.8\spring-tx-6.2.8.jar;C:\Users\victo\.m2\repository\org\springframework\spring-beans\6.2.8\spring-beans-6.2.8.jar;C:\Users\victo\.m2\repository\org\slf4j\slf4j-api\2.0.17\slf4j-api-2.0.17.jar;C:\Users\victo\.m2\repository\org\springframework\spring-aspects\6.2.8\spring-aspects-6.2.8.jar;C:\Users\victo\.m2\repository\org\aspectj\aspectjweaver\1.9.24\aspectjweaver-1.9.24.jar;C:\Users\victo\.m2\repository\org\springframework\boot\spring-boot-starter-thymeleaf\3.4.7\spring-boot-starter-thymeleaf-3.4.7.jar;C:\Users\victo\.m2\repository\org\thymeleaf\thymeleaf-spring6\3.1.3.RELEASE\thymeleaf-spring6-3.1.3.RELEASE.jar;C:\Users\victo\.m2\repository\org\thymeleaf\thymeleaf\3.1.3.RELEASE\thymeleaf-3.1.3.RELEASE.jar;C:\Users\victo\.m2\repository\org\attoparser\attoparser\2.0.7.RELEASE\attoparser-2.0.7.RELEASE.jar;C:\Users\victo\.m2\repository\org\unbescape\unbescape\1.1.6.RELEASE\unbescape-1.1.6.RELEASE.jar;C:\Users\victo\.m2\repository\org\springframework\boot\spring-boot-starter-web\3.4.7\spring-boot-starter-web-3.4.7.jar;C:\Users\victo\.m2\repository\org\springframework\boot\spring-boot-starter-json\3.4.7\spring-boot-starter-json-3.4.7.jar;C:\Users\victo\.m2\repository\com\fasterxml\jackson\core\jackson-databind\2.18.4\jackson-databind-2.18.4.jar;C:\Users\victo\.m2\repository\com\fasterxml\jackson\datatype\jackson-datatype-jdk8\2.18.4\jackson-datatype-jdk8-2.18.4.jar;C:\Users\victo\.m2\repository\com\fasterxml\jackson\module\jackson-module-parameter-names\2.18.4\jackson-module-parameter-names-2.18.4.jar;C:\Users\victo\.m2\repository\org\springframework\boot\spring-boot-starter-tomcat\3.4.7\spring-boot-starter-tomcat-3.4.7.jar;C:\Users\victo\.m2\repository\org\apache\tomcat\embed\tomcat-embed-core\10.1.42\tomcat-embed-core-10.1.42.jar;C:\Users\victo\.m2\repository\org\apache\tomcat\embed\tomcat-embed-el\10.1.42\tomcat-embed-el-10.1.42.jar;C:\Users\victo\.m2\repository\org\apache\tomcat\embed\tomcat-embed-websocket\10.1.42\tomcat-embed-websocket-10.1.42.jar;C:\Users\victo\.m2\repository\org\springframework\spring-web\6.2.8\spring-web-6.2.8.jar;C:\Users\victo\.m2\repository\io\micrometer\micrometer-observation\1.14.8\micrometer-observation-1.14.8.jar;C:\Users\victo\.m2\repository\io\micrometer\micrometer-commons\1.14.8\micrometer-commons-1.14.8.jar;C:\Users\victo\.m2\repository\org\springframework\spring-webmvc\6.2.8\spring-webmvc-6.2.8.jar;C:\Users\victo\.m2\repository\org\springframework\spring-expression\6.2.8\spring-expression-6.2.8.jar;C:\Users\victo\.m2\repository\com\h2database\h2\2.3.232\h2-2.3.232.jar;C:\Users\victo\.m2\repository\org\projectlombok\lombok\1.18.38\lombok-1.18.38.jar;C:\Users\victo\.m2\repository\jakarta\xml\bind\jakarta.xml.bind-api\4.0.2\jakarta.xml.bind-api-4.0.2.jar;C:\Users\victo\.m2\repository\jakarta\activation\jakarta.activation-api\2.1.3\jakarta.activation-api-2.1.3.jar;C:\Users\victo\.m2\repository\org\springframework\spring-core\6.2.8\spring-core-6.2.8.jar;C:\Users\victo\.m2\repository\org\springframework\spring-jcl\6.2.8\spring-jcl-6.2.8.jar;C:\Users\victo\.m2\repository\org\flywaydb\flyway-core\10.20.1\flyway-core-10.20.1.jar;C:\Users\victo\.m2\repository\com\fasterxml\jackson\dataformat\jackson-dataformat-toml\2.18.4\jackson-dataformat-toml-2.18.4.jar;C:\Users\victo\.m2\repository\com\fasterxml\jackson\core\jackson-core\2.18.4.1\jackson-core-2.18.4.1.jar;C:\Users\victo\.m2\repository\com\fasterxml\jackson\datatype\jackson-datatype-jsr310\2.18.4\jackson-datatype-jsr310-2.18.4.jar;C:\Users\victo\.m2\repository\com\fasterxml\jackson\core\jackson-annotations\2.18.4\jackson-annotations-2.18.4.jar;C:\Users\victo\.m2\repository\org\flywaydb\flyway-database-postgresql\10.20.1\flyway-database-postgresql-10.20.1.jar
Launcher Type: SUN_STANDARD

[Global flags]
     intx CICompilerCount                          = 2                                         {product} {ergonomic}
     uint ConcGCThreads                            = 1                                         {product} {ergonomic}
     uint G1ConcRefinementThreads                  = 2                                         {product} {ergonomic}
   size_t G1HeapRegionSize                         = 1048576                                   {product} {ergonomic}
    uintx GCDrainStackTargetSize                   = 64                                        {product} {ergonomic}
   size_t InitialHeapSize                          = 65011712                                  {product} {ergonomic}
   size_t MarkStackSize                            = 4194304                                   {product} {ergonomic}
   size_t MaxHeapSize                              = 1027604480                                {product} {ergonomic}
   size_t MaxNewSize                               = 616562688                                 {product} {ergonomic}
   size_t MinHeapDeltaBytes                        = 1048576                                   {product} {ergonomic}
   size_t MinHeapSize                              = 8388608                                   {product} {ergonomic}
    uintx NonNMethodCodeHeapSize                   = 5826188                                {pd product} {ergonomic}
    uintx NonProfiledCodeHeapSize                  = 122916026                              {pd product} {ergonomic}
    uintx ProfiledCodeHeapSize                     = 122916026                              {pd product} {ergonomic}
    uintx ReservedCodeCacheSize                    = 251658240                              {pd product} {ergonomic}
     bool SegmentedCodeCache                       = true                                      {product} {ergonomic}
     bool ShowCodeDetailsInExceptionMessages       = true                                   {manageable} {command line}
   size_t SoftMaxHeapSize                          = 1027604480                             {manageable} {ergonomic}
     bool UseCompressedOops                        = true                           {product lp64_product} {ergonomic}
     bool UseG1GC                                  = true                                      {product} {ergonomic}
     bool UseLargePagesIndividualAllocation        = false                                  {pd product} {ergonomic}

Logging:
Log output configuration:
 #0: stdout all=warning uptime,level,tags foldmultilines=false
 #1: stderr all=off uptime,level,tags foldmultilines=false

Environment Variables:
PATH=C:\Program Files\Common Files\Oracle\Java\javapath;C:\WINDOWS\system32;C:\WINDOWS;C:\WINDOWS\System32\Wbem;C:\WINDOWS\System32\WindowsPowerShell\v1.0\;C:\WINDOWS\System32\OpenSSH\;C:\Program Files\Docker\Docker\resources\bin;C:\sqlite3;C:\Program Files\Git\cmd;C:\ProgramData\chocolatey\bin;C:\Program Files\MySQL\MySQL Shell 8.0\bin\;C:\Users\victo\AppData\Local\Microsoft\WindowsApps;C:\Users\victo\AppData\Local\Programs\Microsoft VS Code\bin;C:\Users\victo\AppData\Local\GitHubDesktop\bin
USERNAME=victo
LANG=en_US.UTF-8
OS=Windows_NT
PROCESSOR_IDENTIFIER=Intel64 Family 6 Model 122 Stepping 8, GenuineIntel
TMP=C:\Users\victo\AppData\Local\Temp
TEMP=C:\Users\victo\AppData\Local\Temp




Periodic native trim disabled

---------------  S Y S T E M  ---------------

OS:
 Windows 11 , 64 bit Build 22621 (10.0.22621.5262)
OS uptime: 0 days 7:43 hours
Hyper-V role detected

CPU: total 2 (initial active 2) (2 cores per cpu, 1 threads per core) family 6 model 122 stepping 8 microcode 0x1c, cx8, cmov, fxsr, mmx, 3dnowpref, sse, sse2, sse3, ssse3, sse4.1, sse4.2, popcnt, tsc, tscinvbit, aes, erms, clmul, sha, clflush, clflushopt, hv, rdtscp, rdpid
Processor Information for all 2 processors :
  Max Mhz: 1101, Current Mhz: 1101, Mhz Limit: 1101

Memory: 4k page, system-wide physical 3918M (337M free)
TotalPageFile size 8396M (AvailPageFile size 0M)
current process WorkingSet (physical memory assigned to process): 160M, peak: 242M
current process commit charge ("private bytes"): 252M, peak: 270M

vm_info: Java HotSpot(TM) 64-Bit Server VM (21.0.4+8-LTS-274) for windows-amd64 JRE (21.0.4+8-LTS-274), built on 2024-06-05T05:23:33Z by "mach5one" with MS VC++ 17.6 (VS2022)

END.
