#
# There is insufficient memory for the Java Runtime Environment to continue.
# Native memory allocation (malloc) failed to allocate 278096 bytes. Error detail: Chunk::new
# Possible reasons:
#   The system is out of physical RAM or swap space
#   This process is running with CompressedOops enabled, and the Java Heap may be blocking the growth of the native heap
# Possible solutions:
#   Reduce memory load on the system
#   Increase physical memory or swap space
#   Check if swap backing store is full
#   Decrease Java heap size (-Xmx/-Xms)
#   Decrease number of Java threads
#   Decrease Java thread stack sizes (-Xss)
#   Set larger code cache with -XX:ReservedCodeCacheSize=
#   JVM is running with Unscaled Compressed Oops mode in which the Java heap is
#     placed in the first 4GB address space. The Java Heap base address is the
#     maximum limit for the native heap growth. Please use -XX:HeapBaseMinAddress
#     to set the Java Heap base and to place the Java Heap above 4GB virtual address.
# This output file may be truncated or incomplete.
#
#  Out of Memory Error (arena.cpp:168), pid=5604, tid=4396
#
# JRE version: OpenJDK Runtime Environment Temurin-21.0.7+6 (21.0.7+6) (build 21.0.7+6-LTS)
# Java VM: OpenJDK 64-Bit Server VM Temurin-21.0.7+6 (21.0.7+6-LTS, mixed mode, sharing, tiered, compressed oops, compressed class ptrs, parallel gc, windows-amd64)
# No core dump will be written. Minidumps are not enabled by default on client versions of Windows
#

---------------  S U M M A R Y ------------

Command Line: --add-modules=ALL-SYSTEM --add-opens=java.base/java.util=ALL-UNNAMED --add-opens=java.base/java.lang=ALL-UNNAMED --add-opens=java.base/sun.nio.fs=ALL-UNNAMED -Declipse.application=org.eclipse.jdt.ls.core.id1 -Dosgi.bundles.defaultStartLevel=4 -Declipse.product=org.eclipse.jdt.ls.core.product -Djava.import.generatesMetadataFilesAtProjectRoot=false -DDetectVMInstallationsJob.disabled=true -Dfile.encoding=utf8 -XX:+UseParallelGC -XX:GCTimeRatio=4 -XX:AdaptiveSizePolicyWeight=90 -Dsun.zip.disableMemoryMapping=true -Xmx1G -Xms100m -Xlog:disable -javaagent:c:\Users\victo\.vscode\extensions\redhat.java-1.42.0-win32-x64\lombok\lombok-1.18.36.jar -XX:+HeapDumpOnOutOfMemoryError -XX:HeapDumpPath=c:\Users\victo\AppData\Roaming\Code\User\workspaceStorage\86c4bfc5bd34f039ca23722dba0da05d\redhat.java -Daether.dependencyCollector.impl=bf c:\Users\victo\.vscode\extensions\redhat.java-1.42.0-win32-x64\server\plugins\org.eclipse.equinox.launcher_1.7.0.v20250424-1814.jar -configuration c:\Users\victo\AppData\Roaming\Code\User\globalStorage\redhat.java\1.42.0\config_win -data c:\Users\victo\AppData\Roaming\Code\User\workspaceStorage\86c4bfc5bd34f039ca23722dba0da05d\redhat.java\jdt_ws --pipe=\\.\pipe\lsp-5a61f8bba92241f37df5f1ffaf8bd126-sock

Host: Intel(R) Celeron(R) N4020 CPU @ 1.10GHz, 2 cores, 3G,  Windows 11 , 64 bit Build 22621 (10.0.22621.5262)
Time: Sun Jun 29 17:35:14 2025 Hora oficial do Brasil elapsed time: 22.667852 seconds (0d 0h 0m 22s)

---------------  T H R E A D  ---------------

Current thread (0x000002ca7c3274b0):  JavaThread "C2 CompilerThread0" daemon [_thread_in_native, id=4396, stack(0x000000efa4c00000,0x000000efa4d00000) (1024K)]


Current CompileTask:
C2:22668 2199       4       java.util.Properties::loadConvert (540 bytes)

Stack: [0x000000efa4c00000,0x000000efa4d00000]
Native frames: (J=compiled Java code, j=interpreted, Vv=VM code, C=native code)
V  [jvm.dll+0x6ce119]
V  [jvm.dll+0x8a84a1]
V  [jvm.dll+0x8aa9ce]
V  [jvm.dll+0x8ab0b3]
V  [jvm.dll+0x27f8a6]
V  [jvm.dll+0xc507d]
V  [jvm.dll+0xc55b3]
V  [jvm.dll+0x3b692c]
V  [jvm.dll+0x382aa5]
V  [jvm.dll+0x381f0a]
V  [jvm.dll+0x247af0]
V  [jvm.dll+0x2470cf]
V  [jvm.dll+0x1c760e]
V  [jvm.dll+0x25695a]
V  [jvm.dll+0x254efa]
V  [jvm.dll+0x3f03f6]
V  [jvm.dll+0x851f6b]
V  [jvm.dll+0x6cc7dd]
C  [ucrtbase.dll+0x29333]
C  [KERNEL32.DLL+0x1259d]
C  [ntdll.dll+0x5af58]


---------------  P R O C E S S  ---------------

Threads class SMR info:
_java_thread_list=0x000002ca7cd955d0, length=15, elements={
0x000002ca680307d0, 0x000002ca680ed710, 0x000002ca7c31e320, 0x000002ca7c320240,
0x000002ca7c321150, 0x000002ca7c3229b0, 0x000002ca7c326550, 0x000002ca7c3274b0,
0x000002ca7c396f40, 0x000002ca7c3eb850, 0x000002ca7cb7a130, 0x000002ca7d1c2cd0,
0x000002ca7d5226e0, 0x000002ca7cf36bf0, 0x000002ca7cf37250
}

Java Threads: ( => current thread )
  0x000002ca680307d0 JavaThread "main"                              [_thread_blocked, id=11180, stack(0x000000efa4100000,0x000000efa4200000) (1024K)]
  0x000002ca680ed710 JavaThread "Reference Handler"          daemon [_thread_blocked, id=5232, stack(0x000000efa4600000,0x000000efa4700000) (1024K)]
  0x000002ca7c31e320 JavaThread "Finalizer"                  daemon [_thread_blocked, id=6628, stack(0x000000efa4700000,0x000000efa4800000) (1024K)]
  0x000002ca7c320240 JavaThread "Signal Dispatcher"          daemon [_thread_blocked, id=7860, stack(0x000000efa4800000,0x000000efa4900000) (1024K)]
  0x000002ca7c321150 JavaThread "Attach Listener"            daemon [_thread_blocked, id=12480, stack(0x000000efa4900000,0x000000efa4a00000) (1024K)]
  0x000002ca7c3229b0 JavaThread "Service Thread"             daemon [_thread_blocked, id=10648, stack(0x000000efa4a00000,0x000000efa4b00000) (1024K)]
  0x000002ca7c326550 JavaThread "Monitor Deflation Thread"   daemon [_thread_blocked, id=2416, stack(0x000000efa4b00000,0x000000efa4c00000) (1024K)]
=>0x000002ca7c3274b0 JavaThread "C2 CompilerThread0"         daemon [_thread_in_native, id=4396, stack(0x000000efa4c00000,0x000000efa4d00000) (1024K)]
  0x000002ca7c396f40 JavaThread "C1 CompilerThread0"         daemon [_thread_blocked, id=1204, stack(0x000000efa4d00000,0x000000efa4e00000) (1024K)]
  0x000002ca7c3eb850 JavaThread "Common-Cleaner"             daemon [_thread_blocked, id=7288, stack(0x000000efa4e00000,0x000000efa4f00000) (1024K)]
  0x000002ca7cb7a130 JavaThread "Notification Thread"        daemon [_thread_blocked, id=5192, stack(0x000000efa4f00000,0x000000efa5000000) (1024K)]
  0x000002ca7d1c2cd0 JavaThread "Active Thread: Equinox Container: ed971bcd-a386-46c1-8d3a-330cc054d2a9"        [_thread_blocked, id=13224, stack(0x000000efa5100000,0x000000efa5200000) (1024K)]
  0x000002ca7d5226e0 JavaThread "Refresh Thread: Equinox Container: ed971bcd-a386-46c1-8d3a-330cc054d2a9" daemon [_thread_blocked, id=1964, stack(0x000000efa5200000,0x000000efa5300000) (1024K)]
  0x000002ca7cf36bf0 JavaThread "Framework Event Dispatcher: Equinox Container: ed971bcd-a386-46c1-8d3a-330cc054d2a9" daemon [_thread_blocked, id=13640, stack(0x000000efa5300000,0x000000efa5400000) (1024K)]
  0x000002ca7cf37250 JavaThread "Start Level: Equinox Container: ed971bcd-a386-46c1-8d3a-330cc054d2a9" daemon [_thread_in_native, id=8048, stack(0x000000efa5400000,0x000000efa5500000) (1024K)]
Total: 15

Other Threads:
  0x000002ca680d09b0 VMThread "VM Thread"                           [id=4464, stack(0x000000efa4500000,0x000000efa4600000) (1024K)]
  0x000002ca6809ac30 WatcherThread "VM Periodic Task Thread"        [id=3008, stack(0x000000efa4400000,0x000000efa4500000) (1024K)]
  0x000002ca6804ebf0 WorkerThread "GC Thread#0"                     [id=3492, stack(0x000000efa4300000,0x000000efa4400000) (1024K)]
  0x000002ca7d348be0 WorkerThread "GC Thread#1"                     [id=1696, stack(0x000000efa5000000,0x000000efa5100000) (1024K)]
Total: 4

Threads with active compile tasks:
C2 CompilerThread0  22745 2199       4       java.util.Properties::loadConvert (540 bytes)
Total: 1

VM state: not at safepoint (normal execution)

VM Mutex/Monitor currently owned by a thread: None

Heap address: 0x00000000c0000000, size: 1024 MB, Compressed Oops mode: 32-bit

CDS archive(s) mapped at: [0x000002ca00000000-0x000002ca00ba0000-0x000002ca00ba0000), size 12189696, SharedBaseAddress: 0x000002ca00000000, ArchiveRelocationMode: 1.
Compressed class space mapped at: 0x000002ca01000000-0x000002ca41000000, reserved size: 1073741824
Narrow klass base: 0x000002ca00000000, Narrow klass shift: 0, Narrow klass range: 0x100000000

GC Precious Log:
 CardTable entry size: 512
 CPUs: 2 total, 2 available
 Memory: 3918M
 Large Page Support: Disabled
 NUMA Support: Disabled
 Compressed Oops: Enabled (32-bit)
 Alignments: Space 512K, Generation 512K, Heap 2M
 Heap Min Capacity: 100M
 Heap Initial Capacity: 100M
 Heap Max Capacity: 1G
 Pre-touch: Disabled
 Parallel Workers: 2

Heap:
 PSYoungGen      total 29696K, used 4815K [0x00000000eab00000, 0x00000000ecc00000, 0x0000000100000000)
  eden space 25600K, 2% used [0x00000000eab00000,0x00000000eabb5e90,0x00000000ec400000)
  from space 4096K, 99% used [0x00000000ec400000,0x00000000ec7fe148,0x00000000ec800000)
  to   space 4096K, 0% used [0x00000000ec800000,0x00000000ec800000,0x00000000ecc00000)
 ParOldGen       total 68608K, used 5336K [0x00000000c0000000, 0x00000000c4300000, 0x00000000eab00000)
  object space 68608K, 7% used [0x00000000c0000000,0x00000000c05360f8,0x00000000c4300000)
 Metaspace       used 9404K, committed 9728K, reserved 1114112K
  class space    used 966K, committed 1152K, reserved 1048576K

Card table byte_map: [0x000002ca679d0000,0x000002ca67be0000] _byte_map_base: 0x000002ca673d0000

Marking Bits: (ParMarkBitMap*) 0x00007ffce0f131f0
 Begin Bits: [0x000002ca7a220000, 0x000002ca7b220000)
 End Bits:   [0x000002ca7b220000, 0x000002ca7c220000)

Polling page: 0x000002ca65d50000

Metaspace:

Usage:
  Non-class:      8.24 MB used.
      Class:    966.49 KB used.
       Both:      9.18 MB used.

Virtual space:
  Non-class space:       64.00 MB reserved,       8.38 MB ( 13%) committed,  1 nodes.
      Class space:        1.00 GB reserved,       1.12 MB ( <1%) committed,  1 nodes.
             Both:        1.06 GB reserved,       9.50 MB ( <1%) committed. 

Chunk freelists:
   Non-Class:  7.52 MB
       Class:  14.79 MB
        Both:  22.30 MB

MaxMetaspaceSize: unlimited
CompressedClassSpaceSize: 1.00 GB
Initial GC threshold: 21.00 MB
Current GC threshold: 21.00 MB
CDS: on
 - commit_granule_bytes: 65536.
 - commit_granule_words: 8192.
 - virtual_space_node_default_size: 8388608.
 - enlarge_chunks_in_place: 1.
 - use_allocation_guard: 0.


Internal statistics:

num_allocs_failed_limit: 0.
num_arena_births: 280.
num_arena_deaths: 0.
num_vsnodes_births: 2.
num_vsnodes_deaths: 0.
num_space_committed: 152.
num_space_uncommitted: 0.
num_chunks_returned_to_freelist: 0.
num_chunks_taken_from_freelist: 510.
num_chunk_merges: 0.
num_chunk_splits: 339.
num_chunks_enlarged: 228.
num_inconsistent_stats: 0.

CodeHeap 'non-profiled nmethods': size=120064Kb used=1032Kb max_used=1032Kb free=119032Kb
 bounds [0x000002ca72ce0000, 0x000002ca72f50000, 0x000002ca7a220000]
CodeHeap 'profiled nmethods': size=120000Kb used=4021Kb max_used=4021Kb free=115978Kb
 bounds [0x000002ca6b220000, 0x000002ca6b610000, 0x000002ca72750000]
CodeHeap 'non-nmethods': size=5696Kb used=1227Kb max_used=1251Kb free=4468Kb
 bounds [0x000002ca72750000, 0x000002ca729c0000, 0x000002ca72ce0000]
 total_blobs=2683 nmethods=2190 adapters=400
 compilation: enabled
              stopped_count=0, restarted_count=0
 full_count=0

Compilation events (20 events):
Event: 22.531 Thread 0x000002ca7c396f40 2192       3       java.nio.Buffer::mark (10 bytes)
Event: 22.531 Thread 0x000002ca7c3274b0 nmethod 2190 0x000002ca72dded90 code [0x000002ca72ddef40, 0x000002ca72ddf100]
Event: 22.532 Thread 0x000002ca7c396f40 nmethod 2192 0x000002ca6b607790 code [0x000002ca6b607920, 0x000002ca6b607a38]
Event: 22.532 Thread 0x000002ca7c3274b0 2191       4       java.util.jar.Attributes::<init> (13 bytes)
Event: 22.534 Thread 0x000002ca7c3274b0 nmethod 2191 0x000002ca72ddf290 code [0x000002ca72ddf440, 0x000002ca72ddf648]
Event: 22.536 Thread 0x000002ca7c3274b0 2193       4       java.util.Properties$LineReader::readLine (584 bytes)
Event: 22.547 Thread 0x000002ca7c396f40 2194   !   3       java.util.concurrent.ConcurrentHashMap::transfer (849 bytes)
Event: 22.550 Thread 0x000002ca7c396f40 nmethod 2194 0x000002ca6b607b10 code [0x000002ca6b607f40, 0x000002ca6b60a148]
Event: 22.559 Thread 0x000002ca7c396f40 2195       1       java.nio.Buffer::capacity (5 bytes)
Event: 22.559 Thread 0x000002ca7c396f40 nmethod 2195 0x000002ca72ddf810 code [0x000002ca72ddf9a0, 0x000002ca72ddfa68]
Event: 22.559 Thread 0x000002ca7c396f40 2196       3       java.util.concurrent.ConcurrentHashMap$EntryIterator::next (51 bytes)
Event: 22.560 Thread 0x000002ca7c396f40 nmethod 2196 0x000002ca6b60b810 code [0x000002ca6b60b9e0, 0x000002ca6b60bde0]
Event: 22.562 Thread 0x000002ca7c396f40 2197       3       java.io.FilterInputStream::close (8 bytes)
Event: 22.562 Thread 0x000002ca7c396f40 nmethod 2197 0x000002ca6b60bf90 code [0x000002ca6b60c140, 0x000002ca6b60c318]
Event: 22.585 Thread 0x000002ca7c3274b0 nmethod 2193 0x000002ca72ddfb10 code [0x000002ca72ddfd80, 0x000002ca72de0e50]
Event: 22.643 Thread 0x000002ca7c3274b0 2198       4       java.util.ArrayList::elementData (7 bytes)
Event: 22.644 Thread 0x000002ca7c3274b0 nmethod 2198 0x000002ca72de1910 code [0x000002ca72de1aa0, 0x000002ca72de1b70]
Event: 22.644 Thread 0x000002ca7c3274b0 2199       4       java.util.Properties::loadConvert (540 bytes)
Event: 22.652 Thread 0x000002ca7c396f40 2200       3       org.eclipse.osgi.container.ModuleWiring::getWires (15 bytes)
Event: 22.653 Thread 0x000002ca7c396f40 nmethod 2200 0x000002ca6b60c410 code [0x000002ca6b60c5e0, 0x000002ca6b60ca40]

GC Heap History (4 events):
Event: 7.656 GC heap before
{Heap before GC invocations=1 (full 0):
 PSYoungGen      total 29696K, used 25600K [0x00000000eab00000, 0x00000000ecc00000, 0x0000000100000000)
  eden space 25600K, 100% used [0x00000000eab00000,0x00000000ec400000,0x00000000ec400000)
  from space 4096K, 0% used [0x00000000ec800000,0x00000000ec800000,0x00000000ecc00000)
  to   space 4096K, 0% used [0x00000000ec400000,0x00000000ec400000,0x00000000ec800000)
 ParOldGen       total 68608K, used 0K [0x00000000c0000000, 0x00000000c4300000, 0x00000000eab00000)
  object space 68608K, 0% used [0x00000000c0000000,0x00000000c0000000,0x00000000c4300000)
 Metaspace       used 4362K, committed 4736K, reserved 1114112K
  class space    used 462K, committed 640K, reserved 1048576K
}
Event: 7.695 GC heap after
{Heap after GC invocations=1 (full 0):
 PSYoungGen      total 29696K, used 3238K [0x00000000eab00000, 0x00000000ecc00000, 0x0000000100000000)
  eden space 25600K, 0% used [0x00000000eab00000,0x00000000eab00000,0x00000000ec400000)
  from space 4096K, 79% used [0x00000000ec400000,0x00000000ec729870,0x00000000ec800000)
  to   space 4096K, 0% used [0x00000000ec800000,0x00000000ec800000,0x00000000ecc00000)
 ParOldGen       total 68608K, used 0K [0x00000000c0000000, 0x00000000c4300000, 0x00000000eab00000)
  object space 68608K, 0% used [0x00000000c0000000,0x00000000c0000000,0x00000000c4300000)
 Metaspace       used 4362K, committed 4736K, reserved 1114112K
  class space    used 462K, committed 640K, reserved 1048576K
}
Event: 17.606 GC heap before
{Heap before GC invocations=2 (full 0):
 PSYoungGen      total 29696K, used 28838K [0x00000000eab00000, 0x00000000ecc00000, 0x0000000100000000)
  eden space 25600K, 100% used [0x00000000eab00000,0x00000000ec400000,0x00000000ec400000)
  from space 4096K, 79% used [0x00000000ec400000,0x00000000ec729870,0x00000000ec800000)
  to   space 4096K, 0% used [0x00000000ec800000,0x00000000ec800000,0x00000000ecc00000)
 ParOldGen       total 68608K, used 0K [0x00000000c0000000, 0x00000000c4300000, 0x00000000eab00000)
  object space 68608K, 0% used [0x00000000c0000000,0x00000000c0000000,0x00000000c4300000)
 Metaspace       used 8104K, committed 8384K, reserved 1114112K
  class space    used 816K, committed 960K, reserved 1048576K
}
Event: 17.624 GC heap after
{Heap after GC invocations=2 (full 0):
 PSYoungGen      total 29696K, used 4075K [0x00000000eab00000, 0x00000000ecc00000, 0x0000000100000000)
  eden space 25600K, 0% used [0x00000000eab00000,0x00000000eab00000,0x00000000ec400000)
  from space 4096K, 99% used [0x00000000ec800000,0x00000000ecbfaf38,0x00000000ecc00000)
  to   space 4096K, 0% used [0x00000000ec400000,0x00000000ec400000,0x00000000ec800000)
 ParOldGen       total 68608K, used 1860K [0x00000000c0000000, 0x00000000c4300000, 0x00000000eab00000)
  object space 68608K, 2% used [0x00000000c0000000,0x00000000c01d1380,0x00000000c4300000)
 Metaspace       used 8104K, committed 8384K, reserved 1114112K
  class space    used 816K, committed 960K, reserved 1048576K
}

Dll operation events (9 events):
Event: 0.084 Loaded shared library c:\Users\victo\.vscode\extensions\redhat.java-1.42.0-win32-x64\jre\21.0.7-win32-x86_64\bin\java.dll
Event: 0.983 Loaded shared library c:\Users\victo\.vscode\extensions\redhat.java-1.42.0-win32-x64\jre\21.0.7-win32-x86_64\bin\zip.dll
Event: 1.196 Loaded shared library C:\Users\victo\.vscode\extensions\redhat.java-1.42.0-win32-x64\jre\21.0.7-win32-x86_64\bin\instrument.dll
Event: 1.226 Loaded shared library C:\Users\victo\.vscode\extensions\redhat.java-1.42.0-win32-x64\jre\21.0.7-win32-x86_64\bin\net.dll
Event: 1.230 Loaded shared library C:\Users\victo\.vscode\extensions\redhat.java-1.42.0-win32-x64\jre\21.0.7-win32-x86_64\bin\nio.dll
Event: 1.318 Loaded shared library C:\Users\victo\.vscode\extensions\redhat.java-1.42.0-win32-x64\jre\21.0.7-win32-x86_64\bin\zip.dll
Event: 1.397 Loaded shared library C:\Users\victo\.vscode\extensions\redhat.java-1.42.0-win32-x64\jre\21.0.7-win32-x86_64\bin\jimage.dll
Event: 2.112 Loaded shared library c:\Users\victo\.vscode\extensions\redhat.java-1.42.0-win32-x64\jre\21.0.7-win32-x86_64\bin\verify.dll
Event: 17.598 Loaded shared library C:\Users\victo\AppData\Roaming\Code\User\globalStorage\redhat.java\1.42.0\config_win\org.eclipse.equinox.launcher\org.eclipse.equinox.launcher.win32.win32.x86_64_1.2.1300.v20250331-1702\eclipse_11911.dll

Deoptimization events (20 events):
Event: 20.984 Thread 0x000002ca7cf37250 DEOPT PACKING pc=0x000002ca72dbbc64 sp=0x000000efa54fdd70
Event: 20.984 Thread 0x000002ca7cf37250 DEOPT UNPACKING pc=0x000002ca727a3a9c sp=0x000000efa54fdd08 mode 2
Event: 20.994 Thread 0x000002ca7cf37250 Uncommon trap: trap_request=0xffffff45 fr.pc=0x000002ca72d8f7b8 relative=0x00000000000009d8
Event: 20.994 Thread 0x000002ca7cf37250 Uncommon trap: reason=unstable_if action=reinterpret pc=0x000002ca72d8f7b8 method=java.util.concurrent.ConcurrentHashMap.putVal(Ljava/lang/Object;Ljava/lang/Object;Z)Ljava/lang/Object; @ 148 c2
Event: 20.994 Thread 0x000002ca7cf37250 DEOPT PACKING pc=0x000002ca72d8f7b8 sp=0x000000efa54fe290
Event: 20.994 Thread 0x000002ca7cf37250 DEOPT UNPACKING pc=0x000002ca727a3a9c sp=0x000000efa54fe200 mode 2
Event: 21.920 Thread 0x000002ca7cf37250 DEOPT PACKING pc=0x000002ca6b5c6cf5 sp=0x000000efa54fdcd0
Event: 21.920 Thread 0x000002ca7cf37250 DEOPT UNPACKING pc=0x000002ca727a4223 sp=0x000000efa54fd1b0 mode 0
Event: 21.942 Thread 0x000002ca7cf37250 Uncommon trap: trap_request=0xffffffde fr.pc=0x000002ca72dbbc64 relative=0x0000000000000304
Event: 21.942 Thread 0x000002ca7cf37250 Uncommon trap: reason=class_check action=maybe_recompile pc=0x000002ca72dbbc64 method=java.util.regex.Pattern$BmpCharPropertyGreedy.match(Ljava/util/regex/Matcher;ILjava/lang/CharSequence;)Z @ 26 c2
Event: 21.942 Thread 0x000002ca7cf37250 DEOPT PACKING pc=0x000002ca72dbbc64 sp=0x000000efa54fd760
Event: 21.942 Thread 0x000002ca7cf37250 DEOPT UNPACKING pc=0x000002ca727a3a9c sp=0x000000efa54fd718 mode 2
Event: 21.942 Thread 0x000002ca7cf37250 Uncommon trap: trap_request=0xffffffde fr.pc=0x000002ca72dbbc64 relative=0x0000000000000304
Event: 21.942 Thread 0x000002ca7cf37250 Uncommon trap: reason=class_check action=maybe_recompile pc=0x000002ca72dbbc64 method=java.util.regex.Pattern$BmpCharPropertyGreedy.match(Ljava/util/regex/Matcher;ILjava/lang/CharSequence;)Z @ 26 c2
Event: 21.942 Thread 0x000002ca7cf37250 DEOPT PACKING pc=0x000002ca72dbbc64 sp=0x000000efa54fd660
Event: 21.942 Thread 0x000002ca7cf37250 DEOPT UNPACKING pc=0x000002ca727a3a9c sp=0x000000efa54fd5f8 mode 2
Event: 21.955 Thread 0x000002ca7cf37250 DEOPT PACKING pc=0x000002ca6b5c6cf5 sp=0x000000efa54fdc90
Event: 21.955 Thread 0x000002ca7cf37250 DEOPT UNPACKING pc=0x000002ca727a4223 sp=0x000000efa54fd170 mode 0
Event: 22.547 Thread 0x000002ca7cf37250 DEOPT PACKING pc=0x000002ca6b2e8a26 sp=0x000000efa54fdc60
Event: 22.547 Thread 0x000002ca7cf37250 DEOPT UNPACKING pc=0x000002ca727a4223 sp=0x000000efa54fd158 mode 0

Classes loaded (20 events):
Event: 19.948 Loading class sun/util/logging/resources/logging_pt
Event: 19.948 Loading class sun/util/logging/resources/logging_pt done
Event: 19.956 Loading class sun/util/logging/resources/logging_pt_BR
Event: 19.956 Loading class sun/util/logging/resources/logging_pt_BR done
Event: 19.959 Loading class java/util/Formatter$DateTime
Event: 19.959 Loading class java/util/Formatter$DateTime done
Event: 19.959 Loading class java/util/Formatter$FixedString
Event: 19.959 Loading class java/util/Formatter$FixedString done
Event: 19.962 Loading class java/time/ZonedDateTime$1
Event: 19.962 Loading class java/time/ZonedDateTime$1 done
Event: 19.990 Loading class jdk/internal/module/ModulePatcher$PatchedModuleReader
Event: 19.991 Loading class jdk/internal/module/ModulePatcher$PatchedModuleReader done
Event: 20.043 Loading class sun/util/resources/LocaleData$CommonResourceBundleProvider
Event: 20.043 Loading class sun/util/resources/LocaleData$LocaleDataResourceBundleProvider
Event: 20.044 Loading class java/util/spi/ResourceBundleProvider
Event: 20.044 Loading class java/util/spi/ResourceBundleProvider done
Event: 20.044 Loading class sun/util/resources/LocaleData$LocaleDataResourceBundleProvider done
Event: 20.044 Loading class sun/util/resources/LocaleData$CommonResourceBundleProvider done
Event: 20.045 Loading class sun/util/resources/Bundles$2
Event: 20.045 Loading class sun/util/resources/Bundles$2 done

Classes unloaded (0 events):
No events

Classes redefined (0 events):
No events

Internal exceptions (20 events):
Event: 8.130 Thread 0x000002ca680307d0 Implicit null exception at 0x000002ca72d4e549 to 0x000002ca72d4eebc
Event: 8.131 Thread 0x000002ca680307d0 Implicit null exception at 0x000002ca72d495c1 to 0x000002ca72d4984c
Event: 8.135 Thread 0x000002ca680307d0 Exception <a 'java/lang/NoSuchMethodError'{0x00000000eac87e80}: 'void java.lang.invoke.DirectMethodHandle$Holder.invokeStatic(java.lang.Object, java.lang.Object, java.lang.Object, java.lang.Object)'> (0x00000000eac87e80) 
thrown [s\src\hotspot\share\interpreter\linkResolver.cpp, line 773]
Event: 8.145 Thread 0x000002ca680307d0 Implicit null exception at 0x000002ca72d54e1a to 0x000002ca72d55018
Event: 8.151 Thread 0x000002ca680307d0 Implicit null exception at 0x000002ca72d4f93d to 0x000002ca72d4f9c1
Event: 8.561 Thread 0x000002ca680307d0 Exception <a 'java/lang/NoSuchMethodError'{0x00000000eae43fc8}: 'long java.lang.invoke.DirectMethodHandle$Holder.invokeStatic(java.lang.Object, java.lang.Object, int)'> (0x00000000eae43fc8) 
thrown [s\src\hotspot\share\interpreter\linkResolver.cpp, line 773]
Event: 8.568 Thread 0x000002ca680307d0 Exception <a 'java/lang/NoSuchMethodError'{0x00000000eae4b9b8}: 'java.lang.Object java.lang.invoke.DirectMethodHandle$Holder.invokeSpecial(java.lang.Object, java.lang.Object, java.lang.Object, java.lang.Object, long)'> (0x00000000eae4b9b8) 
thrown [s\src\hotspot\share\interpreter\linkResolver.cpp, line 773]
Event: 8.571 Thread 0x000002ca680307d0 Exception <a 'java/lang/NoSuchMethodError'{0x00000000eae593b0}: 'java.lang.Object java.lang.invoke.DirectMethodHandle$Holder.invokeSpecial(java.lang.Object, java.lang.Object, java.lang.Object, int, java.lang.Object)'> (0x00000000eae593b0) 
thrown [s\src\hotspot\share\interpreter\linkResolver.cpp, line 773]
Event: 8.585 Thread 0x000002ca680307d0 Exception <a 'java/lang/NoSuchMethodError'{0x00000000eae83238}: 'int java.lang.invoke.DirectMethodHandle$Holder.invokeStaticInit(java.lang.Object, java.lang.Object, java.lang.Object, java.lang.Object)'> (0x00000000eae83238) 
thrown [s\src\hotspot\share\interpreter\linkResolver.cpp, line 773]
Event: 8.589 Thread 0x000002ca680307d0 Exception <a 'java/lang/IncompatibleClassChangeError'{0x00000000eae8b738}: Found class java.lang.Object, but interface was expected> (0x00000000eae8b738) 
thrown [s\src\hotspot\share\interpreter\linkResolver.cpp, line 840]
Event: 8.593 Thread 0x000002ca680307d0 Exception <a 'java/lang/NoSuchMethodError'{0x00000000eae8f8d8}: 'void java.lang.invoke.DirectMethodHandle$Holder.invokeStaticInit(java.lang.Object, java.lang.Object)'> (0x00000000eae8f8d8) 
thrown [s\src\hotspot\share\interpreter\linkResolver.cpp, line 773]
Event: 8.598 Thread 0x000002ca680307d0 Exception <a 'java/lang/NoSuchMethodError'{0x00000000eae96700}: 'int java.lang.invoke.DirectMethodHandle$Holder.invokeStaticInit(java.lang.Object, java.lang.Object)'> (0x00000000eae96700) 
thrown [s\src\hotspot\share\interpreter\linkResolver.cpp, line 773]
Event: 8.963 Thread 0x000002ca680307d0 Exception <a 'java/lang/NoSuchMethodError'{0x00000000eaffa398}: 'void java.lang.invoke.DirectMethodHandle$Holder.invokeSpecial(java.lang.Object, java.lang.Object, java.lang.Object)'> (0x00000000eaffa398) 
thrown [s\src\hotspot\share\interpreter\linkResolver.cpp, line 773]
Event: 10.636 Thread 0x000002ca680307d0 Exception <a 'java/lang/NoSuchMethodError'{0x00000000eba0b8a0}: 'int java.lang.invoke.DirectMethodHandle$Holder.invokeVirtual(java.lang.Object, java.lang.Object)'> (0x00000000eba0b8a0) 
thrown [s\src\hotspot\share\interpreter\linkResolver.cpp, line 773]
Event: 11.215 Thread 0x000002ca680307d0 Exception <a 'java/lang/NoSuchMethodError'{0x00000000ebd84168}: 'java.lang.Object java.lang.invoke.DirectMethodHandle$Holder.newInvokeSpecial(java.lang.Object, int, java.lang.Object)'> (0x00000000ebd84168) 
thrown [s\src\hotspot\share\interpreter\linkResolver.cpp, line 773]
Event: 11.311 Thread 0x000002ca680307d0 Exception <a 'java/lang/NoSuchMethodError'{0x00000000ebf04b10}: 'java.lang.Object java.lang.invoke.DirectMethodHandle$Holder.newInvokeSpecial(java.lang.Object, java.lang.Object, java.lang.Object, java.lang.Object, int, java.lang.Object)'> (0x00000000ebf04b10) 
thrown [s\src\hotspot\share\interpreter\linkResolver.cpp, line 773]
Event: 17.463 Thread 0x000002ca680307d0 Exception <a 'java/lang/UnsatisfiedLinkError'{0x00000000ec3a1e08}: 'void org.eclipse.equinox.launcher.JNIBridge._update_splash()'> (0x00000000ec3a1e08) 
thrown [s\src\hotspot\share\prims\nativeLookup.cpp, line 415]
Event: 19.020 Thread 0x000002ca7cf37250 Exception <a 'java/lang/NoSuchMethodError'{0x00000000eb0bc680}: 'java.lang.Object java.lang.invoke.DirectMethodHandle$Holder.newInvokeSpecial(java.lang.Object, java.lang.Object, int, java.lang.Object)'> (0x00000000eb0bc680) 
thrown [s\src\hotspot\share\interpreter\linkResolver.cpp, line 773]
Event: 19.415 Thread 0x000002ca7cf37250 Exception <a 'java/lang/NoClassDefFoundError'{0x00000000eb15cd38}: jakarta/servlet/ServletContainerInitializer> (0x00000000eb15cd38) 
thrown [s\src\hotspot\share\classfile\systemDictionary.cpp, line 301]
Event: 19.947 Thread 0x000002ca7cf37250 Exception <a 'java/lang/ClassNotFoundException'{0x00000000eb2c4128}: sun/util/logging/resources/spi/loggingProvider> (0x00000000eb2c4128) 
thrown [s\src\hotspot\share\classfile\systemDictionary.cpp, line 312]

ZGC Phase Switch (0 events):
No events

VM Operations (20 events):
Event: 12.319 Executing VM operation: Cleanup
Event: 12.319 Executing VM operation: Cleanup done
Event: 17.606 Executing VM operation: ParallelGCFailedAllocation (Allocation Failure)
Event: 17.624 Executing VM operation: ParallelGCFailedAllocation (Allocation Failure) done
Event: 18.366 Executing VM operation: HandshakeAllThreads (Deoptimize)
Event: 18.366 Executing VM operation: HandshakeAllThreads (Deoptimize) done
Event: 19.381 Executing VM operation: Cleanup
Event: 19.409 Executing VM operation: Cleanup done
Event: 19.677 Executing VM operation: HandshakeAllThreads (Deoptimize)
Event: 19.677 Executing VM operation: HandshakeAllThreads (Deoptimize) done
Event: 19.992 Executing VM operation: HandshakeAllThreads (Deoptimize)
Event: 19.992 Executing VM operation: HandshakeAllThreads (Deoptimize) done
Event: 20.630 Executing VM operation: HandshakeAllThreads (Deoptimize)
Event: 20.630 Executing VM operation: HandshakeAllThreads (Deoptimize) done
Event: 20.630 Executing VM operation: Cleanup
Event: 20.631 Executing VM operation: Cleanup done
Event: 20.994 Executing VM operation: HandshakeAllThreads (Deoptimize)
Event: 20.994 Executing VM operation: HandshakeAllThreads (Deoptimize) done
Event: 22.000 Executing VM operation: Cleanup
Event: 22.000 Executing VM operation: Cleanup done

Memory protections (0 events):
No events

Nmethod flushes (0 events):
No events

Events (15 events):
Event: 0.232 Thread 0x000002ca680307d0 Thread added: 0x000002ca680307d0
Event: 0.503 Thread 0x000002ca680307d0 Thread added: 0x000002ca680ed710
Event: 0.509 Thread 0x000002ca680307d0 Thread added: 0x000002ca7c31e320
Event: 0.512 Thread 0x000002ca680307d0 Thread added: 0x000002ca7c320240
Event: 0.513 Thread 0x000002ca680307d0 Thread added: 0x000002ca7c321150
Event: 0.513 Thread 0x000002ca680307d0 Thread added: 0x000002ca7c3229b0
Event: 0.513 Thread 0x000002ca680307d0 Thread added: 0x000002ca7c326550
Event: 0.513 Thread 0x000002ca680307d0 Thread added: 0x000002ca7c3274b0
Event: 0.582 Thread 0x000002ca680307d0 Thread added: 0x000002ca7c396f40
Event: 0.784 Thread 0x000002ca680307d0 Thread added: 0x000002ca7c3eb850
Event: 2.887 Thread 0x000002ca680307d0 Thread added: 0x000002ca7cb7a130
Event: 11.050 Thread 0x000002ca680307d0 Thread added: 0x000002ca7d1c2cd0
Event: 17.458 Thread 0x000002ca680307d0 Thread added: 0x000002ca7d5226e0
Event: 17.803 Thread 0x000002ca7d5226e0 Thread added: 0x000002ca7cf36bf0
Event: 17.813 Thread 0x000002ca680307d0 Thread added: 0x000002ca7cf37250


Dynamic libraries:
0x00007ff691690000 - 0x00007ff69169e000 	c:\Users\victo\.vscode\extensions\redhat.java-1.42.0-win32-x64\jre\21.0.7-win32-x86_64\bin\java.exe
0x00007ffd74d70000 - 0x00007ffd74f87000 	C:\WINDOWS\SYSTEM32\ntdll.dll
0x00007ffd4fb10000 - 0x00007ffd4fb30000 	C:\Program Files\Avast Software\Avast\aswhook.dll
0x00007ffd73960000 - 0x00007ffd73a24000 	C:\WINDOWS\System32\KERNEL32.DLL
0x00007ffd72560000 - 0x00007ffd72933000 	C:\WINDOWS\System32\KERNELBASE.dll
0x00007ffd722b0000 - 0x00007ffd723c1000 	C:\WINDOWS\System32\ucrtbase.dll
0x00007ffd6eb00000 - 0x00007ffd6eb18000 	c:\Users\victo\.vscode\extensions\redhat.java-1.42.0-win32-x64\jre\21.0.7-win32-x86_64\bin\jli.dll
0x00007ffd736f0000 - 0x00007ffd738a1000 	C:\WINDOWS\System32\USER32.dll
0x00007ffd723d0000 - 0x00007ffd723f6000 	C:\WINDOWS\System32\win32u.dll
0x00007ffd72b90000 - 0x00007ffd72bb9000 	C:\WINDOWS\System32\GDI32.dll
0x00007ffd72400000 - 0x00007ffd72522000 	C:\WINDOWS\System32\gdi32full.dll
0x00007ffd71e60000 - 0x00007ffd71efa000 	C:\WINDOWS\System32\msvcp_win.dll
0x00007ffd3e720000 - 0x00007ffd3e73e000 	c:\Users\victo\.vscode\extensions\redhat.java-1.42.0-win32-x64\jre\21.0.7-win32-x86_64\bin\VCRUNTIME140.dll
0x00007ffd59e10000 - 0x00007ffd5a0ab000 	C:\WINDOWS\WinSxS\amd64_microsoft.windows.common-controls_6595b64144ccf1df_6.0.22621.5262_none_2712bde373830908\COMCTL32.dll
0x00007ffd73540000 - 0x00007ffd735e7000 	C:\WINDOWS\System32\msvcrt.dll
0x00007ffd72a70000 - 0x00007ffd72aa1000 	C:\WINDOWS\System32\IMM32.DLL
0x00007ffd6eab0000 - 0x00007ffd6eabc000 	c:\Users\victo\.vscode\extensions\redhat.java-1.42.0-win32-x64\jre\21.0.7-win32-x86_64\bin\vcruntime140_1.dll
0x00007ffd39260000 - 0x00007ffd392ed000 	c:\Users\victo\.vscode\extensions\redhat.java-1.42.0-win32-x64\jre\21.0.7-win32-x86_64\bin\msvcp140.dll
0x00007ffce0260000 - 0x00007ffce0ff0000 	c:\Users\victo\.vscode\extensions\redhat.java-1.42.0-win32-x64\jre\21.0.7-win32-x86_64\bin\server\jvm.dll
0x00007ffd72bc0000 - 0x00007ffd72c71000 	C:\WINDOWS\System32\ADVAPI32.dll
0x00007ffd738b0000 - 0x00007ffd73957000 	C:\WINDOWS\System32\sechost.dll
0x00007ffd72530000 - 0x00007ffd72558000 	C:\WINDOWS\System32\bcrypt.dll
0x00007ffd74c10000 - 0x00007ffd74d24000 	C:\WINDOWS\System32\RPCRT4.dll
0x00007ffd74b90000 - 0x00007ffd74c01000 	C:\WINDOWS\System32\WS2_32.dll
0x00007ffd71d30000 - 0x00007ffd71d7d000 	C:\WINDOWS\SYSTEM32\POWRPROF.dll
0x00007ffd6bce0000 - 0x00007ffd6bd14000 	C:\WINDOWS\SYSTEM32\WINMM.dll
0x00007ffd6bcb0000 - 0x00007ffd6bcba000 	C:\WINDOWS\SYSTEM32\VERSION.dll
0x00007ffd71d10000 - 0x00007ffd71d23000 	C:\WINDOWS\SYSTEM32\UMPDC.dll
0x00007ffd70e60000 - 0x00007ffd70e78000 	C:\WINDOWS\SYSTEM32\kernel.appcore.dll
0x00007ffd6ea80000 - 0x00007ffd6ea8a000 	c:\Users\victo\.vscode\extensions\redhat.java-1.42.0-win32-x64\jre\21.0.7-win32-x86_64\bin\jimage.dll
0x00007ffd6f800000 - 0x00007ffd6fa32000 	C:\WINDOWS\SYSTEM32\DBGHELP.DLL
0x00007ffd74370000 - 0x00007ffd74703000 	C:\WINDOWS\System32\combase.dll
0x00007ffd72ab0000 - 0x00007ffd72b87000 	C:\WINDOWS\System32\OLEAUT32.dll
0x00007ffd69220000 - 0x00007ffd69252000 	C:\WINDOWS\SYSTEM32\dbgcore.DLL
0x00007ffd71f80000 - 0x00007ffd71ffb000 	C:\WINDOWS\System32\bcryptPrimitives.dll
0x00007ffd6bb20000 - 0x00007ffd6bb2f000 	c:\Users\victo\.vscode\extensions\redhat.java-1.42.0-win32-x64\jre\21.0.7-win32-x86_64\bin\instrument.dll
0x00007ffd3e700000 - 0x00007ffd3e71f000 	c:\Users\victo\.vscode\extensions\redhat.java-1.42.0-win32-x64\jre\21.0.7-win32-x86_64\bin\java.dll
0x00007ffd72ca0000 - 0x00007ffd7353d000 	C:\WINDOWS\System32\SHELL32.dll
0x00007ffd72000000 - 0x00007ffd7213f000 	C:\WINDOWS\System32\wintypes.dll
0x00007ffd6fd50000 - 0x00007ffd7066d000 	C:\WINDOWS\SYSTEM32\windows.storage.dll
0x00007ffd74060000 - 0x00007ffd7416b000 	C:\WINDOWS\System32\SHCORE.dll
0x00007ffd72a00000 - 0x00007ffd72a66000 	C:\WINDOWS\System32\shlwapi.dll
0x00007ffd71d90000 - 0x00007ffd71dbb000 	C:\WINDOWS\SYSTEM32\profapi.dll
0x00007ffd3e6e0000 - 0x00007ffd3e6f8000 	c:\Users\victo\.vscode\extensions\redhat.java-1.42.0-win32-x64\jre\21.0.7-win32-x86_64\bin\zip.dll
0x00007ffd6bb00000 - 0x00007ffd6bb10000 	C:\Users\victo\.vscode\extensions\redhat.java-1.42.0-win32-x64\jre\21.0.7-win32-x86_64\bin\net.dll
0x00007ffd6b640000 - 0x00007ffd6b76c000 	C:\WINDOWS\SYSTEM32\WINHTTP.dll
0x00007ffd712d0000 - 0x00007ffd7133a000 	C:\WINDOWS\system32\mswsock.dll
0x00007ffd3e6c0000 - 0x00007ffd3e6d6000 	C:\Users\victo\.vscode\extensions\redhat.java-1.42.0-win32-x64\jre\21.0.7-win32-x86_64\bin\nio.dll
0x00007ffd5fea0000 - 0x00007ffd5feb0000 	c:\Users\victo\.vscode\extensions\redhat.java-1.42.0-win32-x64\jre\21.0.7-win32-x86_64\bin\verify.dll
0x00007ffd39210000 - 0x00007ffd39255000 	C:\Users\victo\AppData\Roaming\Code\User\globalStorage\redhat.java\1.42.0\config_win\org.eclipse.equinox.launcher\org.eclipse.equinox.launcher.win32.win32.x86_64_1.2.1300.v20250331-1702\eclipse_11911.dll
0x00007ffd73eb0000 - 0x00007ffd74051000 	C:\WINDOWS\System32\ole32.dll

dbghelp: loaded successfully - version: 4.0.5 - missing functions: none
symbol engine: initialized successfully - sym options: 0x614 - pdb path: .;c:\Users\victo\.vscode\extensions\redhat.java-1.42.0-win32-x64\jre\21.0.7-win32-x86_64\bin;C:\WINDOWS\SYSTEM32;C:\Program Files\Avast Software\Avast;C:\WINDOWS\WinSxS\amd64_microsoft.windows.common-controls_6595b64144ccf1df_6.0.22621.5262_none_2712bde373830908;c:\Users\victo\.vscode\extensions\redhat.java-1.42.0-win32-x64\jre\21.0.7-win32-x86_64\bin\server;C:\Users\victo\AppData\Roaming\Code\User\globalStorage\redhat.java\1.42.0\config_win\org.eclipse.equinox.launcher\org.eclipse.equinox.launcher.win32.win32.x86_64_1.2.1300.v20250331-1702

VM Arguments:
jvm_args: --add-modules=ALL-SYSTEM --add-opens=java.base/java.util=ALL-UNNAMED --add-opens=java.base/java.lang=ALL-UNNAMED --add-opens=java.base/sun.nio.fs=ALL-UNNAMED -Declipse.application=org.eclipse.jdt.ls.core.id1 -Dosgi.bundles.defaultStartLevel=4 -Declipse.product=org.eclipse.jdt.ls.core.product -Djava.import.generatesMetadataFilesAtProjectRoot=false -DDetectVMInstallationsJob.disabled=true -Dfile.encoding=utf8 -XX:+UseParallelGC -XX:GCTimeRatio=4 -XX:AdaptiveSizePolicyWeight=90 -Dsun.zip.disableMemoryMapping=true -Xmx1G -Xms100m -Xlog:disable -javaagent:c:\Users\victo\.vscode\extensions\redhat.java-1.42.0-win32-x64\lombok\lombok-1.18.36.jar -XX:+HeapDumpOnOutOfMemoryError -XX:HeapDumpPath=c:\Users\victo\AppData\Roaming\Code\User\workspaceStorage\86c4bfc5bd34f039ca23722dba0da05d\redhat.java -Daether.dependencyCollector.impl=bf 
java_command: c:\Users\victo\.vscode\extensions\redhat.java-1.42.0-win32-x64\server\plugins\org.eclipse.equinox.launcher_1.7.0.v20250424-1814.jar -configuration c:\Users\victo\AppData\Roaming\Code\User\globalStorage\redhat.java\1.42.0\config_win -data c:\Users\victo\AppData\Roaming\Code\User\workspaceStorage\86c4bfc5bd34f039ca23722dba0da05d\redhat.java\jdt_ws --pipe=\\.\pipe\lsp-5a61f8bba92241f37df5f1ffaf8bd126-sock
java_class_path (initial): c:\Users\victo\.vscode\extensions\redhat.java-1.42.0-win32-x64\server\plugins\org.eclipse.equinox.launcher_1.7.0.v20250424-1814.jar
Launcher Type: SUN_STANDARD

[Global flags]
    uintx AdaptiveSizePolicyWeight                 = 90                                        {product} {command line}
     intx CICompilerCount                          = 2                                         {product} {ergonomic}
    uintx GCTimeRatio                              = 4                                         {product} {command line}
     bool HeapDumpOnOutOfMemoryError               = true                                   {manageable} {command line}
    ccstr HeapDumpPath                             = c:\Users\victo\AppData\Roaming\Code\User\workspaceStorage\86c4bfc5bd34f039ca23722dba0da05d\redhat.java         {manageable} {command line}
   size_t InitialHeapSize                          = 104857600                                 {product} {command line}
   size_t MaxHeapSize                              = 1073741824                                {product} {command line}
   size_t MaxNewSize                               = 357564416                                 {product} {ergonomic}
   size_t MinHeapDeltaBytes                        = 524288                                    {product} {ergonomic}
   size_t MinHeapSize                              = 104857600                                 {product} {command line}
   size_t NewSize                                  = 34603008                                  {product} {ergonomic}
    uintx NonNMethodCodeHeapSize                   = 5826188                                {pd product} {ergonomic}
    uintx NonProfiledCodeHeapSize                  = 122916026                              {pd product} {ergonomic}
   size_t OldSize                                  = 70254592                                  {product} {ergonomic}
    uintx ProfiledCodeHeapSize                     = 122916026                              {pd product} {ergonomic}
    uintx ReservedCodeCacheSize                    = 251658240                              {pd product} {ergonomic}
     bool SegmentedCodeCache                       = true                                      {product} {ergonomic}
   size_t SoftMaxHeapSize                          = 1073741824                             {manageable} {ergonomic}
     bool UseCompressedOops                        = true                           {product lp64_product} {ergonomic}
     bool UseLargePagesIndividualAllocation        = false                                  {pd product} {ergonomic}
     bool UseParallelGC                            = true                                      {product} {command line}

Logging:
Log output configuration:
 #0: stdout all=off uptime,level,tags foldmultilines=false
 #1: stderr all=off uptime,level,tags foldmultilines=false

Environment Variables:
PATH=C:\Program Files\Common Files\Oracle\Java\javapath;C:\WINDOWS\system32;C:\WINDOWS;C:\WINDOWS\System32\Wbem;C:\WINDOWS\System32\WindowsPowerShell\v1.0\;C:\WINDOWS\System32\OpenSSH\;C:\Program Files\Docker\Docker\resources\bin;C:\sqlite3;C:\Program Files\Git\cmd;C:\ProgramData\chocolatey\bin;C:\Program Files\MySQL\MySQL Shell 8.0\bin\;C:\Users\victo\AppData\Local\Microsoft\WindowsApps;C:\Users\victo\AppData\Local\Programs\Microsoft VS Code\bin;C:\Users\victo\AppData\Local\GitHubDesktop\bin
USERNAME=victo
OS=Windows_NT
PROCESSOR_IDENTIFIER=Intel64 Family 6 Model 122 Stepping 8, GenuineIntel
TMP=C:\Users\victo\AppData\Local\Temp
TEMP=C:\Users\victo\AppData\Local\Temp




Periodic native trim disabled

---------------  S Y S T E M  ---------------

OS:
 Windows 11 , 64 bit Build 22621 (10.0.22621.5262)
OS uptime: 0 days 0:35 hours
Hyper-V role detected

CPU: total 2 (initial active 2) (2 cores per cpu, 1 threads per core) family 6 model 122 stepping 8 microcode 0x1c, cx8, cmov, fxsr, mmx, 3dnowpref, sse, sse2, sse3, ssse3, sse4.1, sse4.2, popcnt, tsc, tscinvbit, aes, erms, clmul, sha, clflush, clflushopt, hv, rdtscp, rdpid
Processor Information for the first 2 processors :
  Max Mhz: 1101, Current Mhz: 1101, Mhz Limit: 1101

Memory: 4k page, system-wide physical 3918M (208M free)
TotalPageFile size 6282M (AvailPageFile size 2M)
current process WorkingSet (physical memory assigned to process): 103M, peak: 103M
current process commit charge ("private bytes"): 192M, peak: 192M

vm_info: OpenJDK 64-Bit Server VM (21.0.7+6-LTS) for windows-amd64 JRE (21.0.7+6-LTS), built on 2025-04-15T00:00:00Z by "admin" with MS VC++ 17.7 (VS2022)

END.
